[INFO]2025-03-2012:41:26.712[main]org.testng.internal.Utils1)-[TestNG] Running:
  C:\Users\ashok\eclipse-workspace\DsAlgo_Cucumber\testng.xml

[WARN]2025-03-2012:41:27.713[main]org.testng.internal.Utils1)-The test method 'io.cucumber.testng.AbstractTestNGCucumberTests.runScenario' will be skipped since its data provider 'scenarios' returned an empty array or iterator. 
[INFO]2025-03-2012:42:07.365[main]org.testng.internal.Utils1)-[Utils] MethodGroupsHelper.collectMethodsByGroup() took 1 ms.
[INFO]2025-03-2012:42:07.370[main]org.testng.internal.Utils1)-[Utils] MethodGroupsHelper.sortMethods() took 0 ms.
[INFO]2025-03-2012:42:07.371[main]org.testng.internal.Utils1)-[Utils] MethodGroupsHelper.collectMethodsByGroup() took 0 ms.
[INFO]2025-03-2012:42:07.375[main]org.testng.internal.Utils1)-[Utils] MethodGroupsHelper.sortMethods() took 0 ms.
[INFO]2025-03-2012:42:07.376[main]org.testng.internal.Utils1)-[Utils] MethodGroupsHelper.collectMethodsByGroup() took 0 ms.
[INFO]2025-03-2012:42:07.376[main]org.testng.internal.Utils1)-[Utils] MethodGroupsHelper.sortMethods() took 0 ms.
[INFO]2025-03-2012:42:07.376[main]org.testng.internal.Utils1)-[Utils] MethodGroupsHelper.collectMethodsByGroup() took 0 ms.
[INFO]2025-03-2012:42:07.376[main]org.testng.internal.Utils1)-[Utils] MethodGroupsHelper.sortMethods() took 0 ms.
[INFO]2025-03-2012:42:07.377[main]org.testng.internal.Utils1)-[Utils] MethodGroupsHelper.collectMethodsByGroup() took 0 ms.
[INFO]2025-03-2012:42:07.385[main]org.testng.internal.Utils1)-[Utils] MethodGroupsHelper.sortMethods() took 7 ms.
[INFO]2025-03-2012:42:07.386[main]org.testng.internal.Utils1)-[Utils] MethodGroupsHelper.collectMethodsByGroup() took 0 ms.
[INFO]2025-03-2012:42:07.387[main]org.testng.internal.Utils1)-[Utils] MethodGroupsHelper.sortMethods() took 0 ms.
[INFO]2025-03-2012:42:07.388[main]org.testng.internal.Utils1)-[Utils] MethodGroupsHelper.collectMethodsByGroup() took 0 ms.
[INFO]2025-03-2012:42:07.388[main]org.testng.internal.Utils1)-[Utils] MethodGroupsHelper.sortMethods() took 0 ms.
[INFO]2025-03-2012:42:07.389[main]org.testng.internal.Utils1)-[Utils] MethodGroupsHelper.collectMethodsByGroup() took 0 ms.
[INFO]2025-03-2012:42:07.389[main]org.testng.internal.Utils1)-[Utils] MethodGroupsHelper.sortMethods() took 0 ms.
[INFO]2025-03-2012:42:07.392[main]org.testng.internal.Utils1)-[Utils] MethodGroupsHelper.collectMethodsByGroup() took 0 ms.
[INFO]2025-03-2012:42:07.393[main]org.testng.internal.Utils1)-[Utils] MethodGroupsHelper.sortMethods() took 0 ms.
[INFO]2025-03-2012:42:07.393[main]org.testng.internal.Utils1)-[Utils] MethodGroupsHelper.collectMethodsByGroup() took 0 ms.
[INFO]2025-03-2012:42:07.393[main]org.testng.internal.Utils1)-[Utils] MethodGroupsHelper.sortMethods() took 0 ms.
[INFO]2025-03-2012:42:07.396[main]org.testng.internal.Utils1)-[Utils] MethodGroupsHelper.collectMethodsByGroup() took 0 ms.
[INFO]2025-03-2012:42:07.396[main]org.testng.internal.Utils1)-[Utils] MethodGroupsHelper.sortMethods() took 0 ms.
[INFO]2025-03-2012:42:07.396[main]org.testng.internal.Utils1)-[Utils] MethodGroupsHelper.collectMethodsByGroup() took 0 ms.
[INFO]2025-03-2012:42:07.396[main]org.testng.internal.Utils1)-[Utils] MethodGroupsHelper.sortMethods() took 0 ms.
[INFO]2025-03-2012:42:07.401[main]org.testng.internal.Utils1)-[Utils] MethodGroupsHelper.collectMethodsByGroup() took 4 ms.
[INFO]2025-03-2012:42:07.402[main]org.testng.internal.Utils1)-[Utils] MethodGroupsHelper.sortMethods() took 0 ms.
[INFO]2025-03-2012:42:07.404[main]org.testng.internal.Utils1)-[Utils] MethodGroupsHelper.collectMethodsByGroup() took 0 ms.
[INFO]2025-03-2012:42:07.404[main]org.testng.internal.Utils1)-[Utils] MethodGroupsHelper.sortMethods() took 0 ms.
[INFO]2025-03-2012:42:07.404[main]org.testng.internal.Utils1)-[Utils] MethodGroupsHelper.collectMethodsByGroup() took 0 ms.
[INFO]2025-03-2012:42:07.404[main]org.testng.internal.Utils1)-[Utils] MethodGroupsHelper.sortMethods() took 0 ms.
[INFO]2025-03-2012:42:07.409[main]org.testng.internal.Utils1)-[TestNG] Running:
  C:\Users\ashok\AppData\Local\Temp\testng-eclipse--212384017\testng-customsuite.xml

[INFO]2025-03-2012:42:07.426[main]org.testng.internal.Utils1)-[Utils] DynamicGraphHelper.createDynamicGraph() took 2 ms.
[INFO]2025-03-2012:54:30.777[main]org.testng.internal.Utils1)-[TestNG] Time taken by org.testng.reporters.jq.Main@1e387974: 88 ms
[INFO]2025-03-2012:54:30.787[main]org.testng.internal.Utils1)-[TestNG] Time taken by org.testng.reporters.FailedReporter@137db13f: 10 ms
[INFO]2025-03-2012:54:30.832[main]org.testng.internal.Utils1)-[TestNG] Time taken by org.testng.reporters.XMLReporter@79d3fb99: 45 ms
[INFO]2025-03-2012:54:30.847[main]org.testng.internal.Utils1)-[TestNG] Time taken by org.testng.reporters.EmailableReporter2@25291901: 14 ms
[INFO]2025-03-2012:54:30.896[main]org.testng.internal.Utils1)-[TestNG] Time taken by org.testng.reporters.JUnitReportReporter@70a3b: 49 ms
[INFO]2025-03-2012:54:30.897[main]org.testng.internal.Utils1)-[TestNG] Time taken by org.testng.internal.ExitCodeListener@18baee88: 1 ms
[INFO]2025-03-2016:36:33.978[main]org.testng.internal.Utils1)-[Utils] MethodGroupsHelper.collectMethodsByGroup() took 0 ms.
[INFO]2025-03-2016:36:33.983[main]org.testng.internal.Utils1)-[Utils] MethodGroupsHelper.sortMethods() took 1 ms.
[INFO]2025-03-2016:36:33.984[main]org.testng.internal.Utils1)-[Utils] MethodGroupsHelper.collectMethodsByGroup() took 0 ms.
[INFO]2025-03-2016:36:33.984[main]org.testng.internal.Utils1)-[Utils] MethodGroupsHelper.sortMethods() took 0 ms.
[INFO]2025-03-2016:36:33.984[main]org.testng.internal.Utils1)-[Utils] MethodGroupsHelper.collectMethodsByGroup() took 0 ms.
[INFO]2025-03-2016:36:33.984[main]org.testng.internal.Utils1)-[Utils] MethodGroupsHelper.sortMethods() took 0 ms.
[INFO]2025-03-2016:36:33.986[main]org.testng.internal.Utils1)-[Utils] MethodGroupsHelper.collectMethodsByGroup() took 0 ms.
[INFO]2025-03-2016:36:33.986[main]org.testng.internal.Utils1)-[Utils] MethodGroupsHelper.sortMethods() took 0 ms.
[INFO]2025-03-2016:36:33.987[main]org.testng.internal.Utils1)-[Utils] MethodGroupsHelper.collectMethodsByGroup() took 0 ms.
[INFO]2025-03-2016:36:33.994[main]org.testng.internal.Utils1)-[Utils] MethodGroupsHelper.sortMethods() took 7 ms.
[INFO]2025-03-2016:36:33.995[main]org.testng.internal.Utils1)-[Utils] MethodGroupsHelper.collectMethodsByGroup() took 0 ms.
[INFO]2025-03-2016:36:33.995[main]org.testng.internal.Utils1)-[Utils] MethodGroupsHelper.sortMethods() took 0 ms.
[INFO]2025-03-2016:36:33.996[main]org.testng.internal.Utils1)-[Utils] MethodGroupsHelper.collectMethodsByGroup() took 0 ms.
[INFO]2025-03-2016:36:33.996[main]org.testng.internal.Utils1)-[Utils] MethodGroupsHelper.sortMethods() took 0 ms.
[INFO]2025-03-2016:36:33.996[main]org.testng.internal.Utils1)-[Utils] MethodGroupsHelper.collectMethodsByGroup() took 0 ms.
[INFO]2025-03-2016:36:33.996[main]org.testng.internal.Utils1)-[Utils] MethodGroupsHelper.sortMethods() took 0 ms.
[INFO]2025-03-2016:36:33.998[main]org.testng.internal.Utils1)-[Utils] MethodGroupsHelper.collectMethodsByGroup() took 0 ms.
[INFO]2025-03-2016:36:33.999[main]org.testng.internal.Utils1)-[Utils] MethodGroupsHelper.sortMethods() took 0 ms.
[INFO]2025-03-2016:36:33.999[main]org.testng.internal.Utils1)-[Utils] MethodGroupsHelper.collectMethodsByGroup() took 0 ms.
[INFO]2025-03-2016:36:33.999[main]org.testng.internal.Utils1)-[Utils] MethodGroupsHelper.sortMethods() took 0 ms.
[INFO]2025-03-2016:36:34.001[main]org.testng.internal.Utils1)-[Utils] MethodGroupsHelper.collectMethodsByGroup() took 0 ms.
[INFO]2025-03-2016:36:34.001[main]org.testng.internal.Utils1)-[Utils] MethodGroupsHelper.sortMethods() took 0 ms.
[INFO]2025-03-2016:36:34.001[main]org.testng.internal.Utils1)-[Utils] MethodGroupsHelper.collectMethodsByGroup() took 0 ms.
[INFO]2025-03-2016:36:34.001[main]org.testng.internal.Utils1)-[Utils] MethodGroupsHelper.sortMethods() took 0 ms.
[INFO]2025-03-2016:36:34.005[main]org.testng.internal.Utils1)-[Utils] MethodGroupsHelper.collectMethodsByGroup() took 3 ms.
[INFO]2025-03-2016:36:34.005[main]org.testng.internal.Utils1)-[Utils] MethodGroupsHelper.sortMethods() took 0 ms.
[INFO]2025-03-2016:36:34.007[main]org.testng.internal.Utils1)-[Utils] MethodGroupsHelper.collectMethodsByGroup() took 0 ms.
[INFO]2025-03-2016:36:34.008[main]org.testng.internal.Utils1)-[Utils] MethodGroupsHelper.sortMethods() took 0 ms.
[INFO]2025-03-2016:36:34.008[main]org.testng.internal.Utils1)-[Utils] MethodGroupsHelper.collectMethodsByGroup() took 0 ms.
[INFO]2025-03-2016:36:34.008[main]org.testng.internal.Utils1)-[Utils] MethodGroupsHelper.sortMethods() took 0 ms.
[INFO]2025-03-2016:36:34.013[main]org.testng.internal.Utils1)-[TestNG] Running:
  C:\Users\ashok\AppData\Local\Temp\testng-eclipse-1000017628\testng-customsuite.xml

[INFO]2025-03-2016:36:34.030[main]org.testng.internal.Utils1)-[Utils] DynamicGraphHelper.createDynamicGraph() took 5 ms.
[INFO]2025-03-2016:40:26.365[main]org.testng.internal.Utils1)-[TestNG] Running:
  C:\Users\ashok\eclipse-workspace\DsAlgo_Cucumber\testng.xml

[INFO]2025-03-2016:40:54.197[main]org.testng.internal.Utils1)-[TestNG] Running:
  C:\Users\ashok\eclipse-workspace\DsAlgo_Cucumber\testng.xml

[INFO]2025-03-2016:41:39.105[main]org.testng.internal.Utils1)-[TestNG] Running:
  C:\Users\ashok\eclipse-workspace\DsAlgo_Cucumber\testng.xml

[INFO]2025-03-2016:44:16.679[main]org.testng.internal.Utils1)-[TestNG] Running:
  C:\Users\ashok\eclipse-workspace\DsAlgo_Cucumber\testng.xml

[INFO]2025-03-2016:50:33.167[main]org.testng.internal.Utils1)-[Utils] MethodGroupsHelper.collectMethodsByGroup() took 0 ms.
[INFO]2025-03-2016:50:33.171[main]org.testng.internal.Utils1)-[Utils] MethodGroupsHelper.sortMethods() took 1 ms.
[INFO]2025-03-2016:50:33.172[main]org.testng.internal.Utils1)-[Utils] MethodGroupsHelper.collectMethodsByGroup() took 0 ms.
[INFO]2025-03-2016:50:33.172[main]org.testng.internal.Utils1)-[Utils] MethodGroupsHelper.sortMethods() took 0 ms.
[INFO]2025-03-2016:50:33.178[main]org.testng.internal.Utils1)-[Utils] MethodGroupsHelper.collectMethodsByGroup() took 3 ms.
[INFO]2025-03-2016:50:33.184[main]org.testng.internal.Utils1)-[Utils] MethodGroupsHelper.sortMethods() took 6 ms.
[INFO]2025-03-2016:50:33.186[main]org.testng.internal.Utils1)-[Utils] MethodGroupsHelper.collectMethodsByGroup() took 0 ms.
[INFO]2025-03-2016:50:33.186[main]org.testng.internal.Utils1)-[Utils] MethodGroupsHelper.sortMethods() took 0 ms.
[INFO]2025-03-2016:50:33.187[main]org.testng.internal.Utils1)-[Utils] MethodGroupsHelper.collectMethodsByGroup() took 0 ms.
[INFO]2025-03-2016:50:33.187[main]org.testng.internal.Utils1)-[Utils] MethodGroupsHelper.sortMethods() took 0 ms.
[INFO]2025-03-2016:50:33.187[main]org.testng.internal.Utils1)-[Utils] MethodGroupsHelper.collectMethodsByGroup() took 0 ms.
[INFO]2025-03-2016:50:33.188[main]org.testng.internal.Utils1)-[Utils] MethodGroupsHelper.sortMethods() took 1 ms.
[INFO]2025-03-2016:50:33.188[main]org.testng.internal.Utils1)-[Utils] MethodGroupsHelper.collectMethodsByGroup() took 0 ms.
[INFO]2025-03-2016:50:33.188[main]org.testng.internal.Utils1)-[Utils] MethodGroupsHelper.sortMethods() took 0 ms.
[INFO]2025-03-2016:50:33.189[main]org.testng.internal.Utils1)-[Utils] MethodGroupsHelper.collectMethodsByGroup() took 0 ms.
[INFO]2025-03-2016:50:33.189[main]org.testng.internal.Utils1)-[Utils] MethodGroupsHelper.sortMethods() took 0 ms.
[INFO]2025-03-2016:50:33.190[main]org.testng.internal.Utils1)-[Utils] MethodGroupsHelper.collectMethodsByGroup() took 0 ms.
[INFO]2025-03-2016:50:33.190[main]org.testng.internal.Utils1)-[Utils] MethodGroupsHelper.sortMethods() took 0 ms.
[INFO]2025-03-2016:50:33.191[main]org.testng.internal.Utils1)-[Utils] MethodGroupsHelper.collectMethodsByGroup() took 0 ms.
[INFO]2025-03-2016:50:33.191[main]org.testng.internal.Utils1)-[Utils] MethodGroupsHelper.sortMethods() took 0 ms.
[INFO]2025-03-2016:50:33.193[main]org.testng.internal.Utils1)-[Utils] MethodGroupsHelper.collectMethodsByGroup() took 0 ms.
[INFO]2025-03-2016:50:33.193[main]org.testng.internal.Utils1)-[Utils] MethodGroupsHelper.sortMethods() took 0 ms.
[INFO]2025-03-2016:50:33.198[main]org.testng.internal.Utils1)-[Utils] MethodGroupsHelper.collectMethodsByGroup() took 4 ms.
[INFO]2025-03-2016:50:33.198[main]org.testng.internal.Utils1)-[Utils] MethodGroupsHelper.sortMethods() took 0 ms.
[INFO]2025-03-2016:50:33.199[main]org.testng.internal.Utils1)-[Utils] MethodGroupsHelper.collectMethodsByGroup() took 1 ms.
[INFO]2025-03-2016:50:33.199[main]org.testng.internal.Utils1)-[Utils] MethodGroupsHelper.sortMethods() took 0 ms.
[INFO]2025-03-2016:50:33.200[main]org.testng.internal.Utils1)-[Utils] MethodGroupsHelper.collectMethodsByGroup() took 0 ms.
[INFO]2025-03-2016:50:33.200[main]org.testng.internal.Utils1)-[Utils] MethodGroupsHelper.sortMethods() took 0 ms.
[INFO]2025-03-2016:50:33.200[main]org.testng.internal.Utils1)-[Utils] MethodGroupsHelper.collectMethodsByGroup() took 0 ms.
[INFO]2025-03-2016:50:33.200[main]org.testng.internal.Utils1)-[Utils] MethodGroupsHelper.sortMethods() took 0 ms.
[INFO]2025-03-2016:50:33.206[main]org.testng.internal.Utils1)-[TestNG] Running:
  C:\Users\ashok\AppData\Local\Temp\testng-eclipse-1782605113\testng-customsuite.xml

[INFO]2025-03-2016:50:33.239[main]org.testng.internal.Utils1)-[Utils] DynamicGraphHelper.createDynamicGraph() took 3 ms.
[INFO]2025-03-2016:50:37.964[main]org.testng.internal.Utils1)-[TestNG] Time taken by org.testng.reporters.jq.Main@58ebee9: 59 ms
[INFO]2025-03-2016:50:37.972[main]org.testng.internal.Utils1)-[TestNG] Time taken by org.testng.reporters.FailedReporter@1a0ffb9b: 8 ms
[INFO]2025-03-2016:50:37.997[main]org.testng.internal.Utils1)-[TestNG] Time taken by org.testng.reporters.XMLReporter@5315266: 25 ms
[INFO]2025-03-2016:50:38.006[main]org.testng.internal.Utils1)-[TestNG] Time taken by org.testng.reporters.EmailableReporter2@2ceb68a1: 9 ms
[INFO]2025-03-2016:50:38.029[main]org.testng.internal.Utils1)-[TestNG] Time taken by org.testng.reporters.JUnitReportReporter@75805562: 23 ms
[INFO]2025-03-2016:50:38.029[main]org.testng.internal.Utils1)-[TestNG] Time taken by org.testng.internal.ExitCodeListener@13d984ee: 0 ms
[INFO]2025-03-2016:55:41.779[main]org.testng.internal.Utils1)-[Utils] MethodGroupsHelper.collectMethodsByGroup() took 0 ms.
[INFO]2025-03-2016:55:41.784[main]org.testng.internal.Utils1)-[Utils] MethodGroupsHelper.sortMethods() took 1 ms.
[INFO]2025-03-2016:55:41.785[main]org.testng.internal.Utils1)-[Utils] MethodGroupsHelper.collectMethodsByGroup() took 0 ms.
[INFO]2025-03-2016:55:41.785[main]org.testng.internal.Utils1)-[Utils] MethodGroupsHelper.sortMethods() took 0 ms.
[INFO]2025-03-2016:55:41.791[main]org.testng.internal.Utils1)-[Utils] MethodGroupsHelper.collectMethodsByGroup() took 4 ms.
[INFO]2025-03-2016:55:41.799[main]org.testng.internal.Utils1)-[Utils] MethodGroupsHelper.sortMethods() took 6 ms.
[INFO]2025-03-2016:55:41.800[main]org.testng.internal.Utils1)-[Utils] MethodGroupsHelper.collectMethodsByGroup() took 0 ms.
[INFO]2025-03-2016:55:41.800[main]org.testng.internal.Utils1)-[Utils] MethodGroupsHelper.sortMethods() took 0 ms.
[INFO]2025-03-2016:55:41.801[main]org.testng.internal.Utils1)-[Utils] MethodGroupsHelper.collectMethodsByGroup() took 0 ms.
[INFO]2025-03-2016:55:41.801[main]org.testng.internal.Utils1)-[Utils] MethodGroupsHelper.sortMethods() took 0 ms.
[INFO]2025-03-2016:55:41.802[main]org.testng.internal.Utils1)-[Utils] MethodGroupsHelper.collectMethodsByGroup() took 0 ms.
[INFO]2025-03-2016:55:41.803[main]org.testng.internal.Utils1)-[Utils] MethodGroupsHelper.sortMethods() took 1 ms.
[INFO]2025-03-2016:55:41.803[main]org.testng.internal.Utils1)-[Utils] MethodGroupsHelper.collectMethodsByGroup() took 0 ms.
[INFO]2025-03-2016:55:41.805[main]org.testng.internal.Utils1)-[Utils] MethodGroupsHelper.sortMethods() took 0 ms.
[INFO]2025-03-2016:55:41.805[main]org.testng.internal.Utils1)-[Utils] MethodGroupsHelper.collectMethodsByGroup() took 0 ms.
[INFO]2025-03-2016:55:41.805[main]org.testng.internal.Utils1)-[Utils] MethodGroupsHelper.sortMethods() took 0 ms.
[INFO]2025-03-2016:55:41.807[main]org.testng.internal.Utils1)-[Utils] MethodGroupsHelper.collectMethodsByGroup() took 0 ms.
[INFO]2025-03-2016:55:41.807[main]org.testng.internal.Utils1)-[Utils] MethodGroupsHelper.sortMethods() took 0 ms.
[INFO]2025-03-2016:55:41.808[main]org.testng.internal.Utils1)-[Utils] MethodGroupsHelper.collectMethodsByGroup() took 0 ms.
[INFO]2025-03-2016:55:41.808[main]org.testng.internal.Utils1)-[Utils] MethodGroupsHelper.sortMethods() took 0 ms.
[INFO]2025-03-2016:55:41.810[main]org.testng.internal.Utils1)-[Utils] MethodGroupsHelper.collectMethodsByGroup() took 0 ms.
[INFO]2025-03-2016:55:41.810[main]org.testng.internal.Utils1)-[Utils] MethodGroupsHelper.sortMethods() took 0 ms.
[INFO]2025-03-2016:55:41.811[main]org.testng.internal.Utils1)-[Utils] MethodGroupsHelper.collectMethodsByGroup() took 1 ms.
[INFO]2025-03-2016:55:41.811[main]org.testng.internal.Utils1)-[Utils] MethodGroupsHelper.sortMethods() took 0 ms.
[INFO]2025-03-2016:55:41.812[main]org.testng.internal.Utils1)-[Utils] MethodGroupsHelper.collectMethodsByGroup() took 0 ms.
[INFO]2025-03-2016:55:41.812[main]org.testng.internal.Utils1)-[Utils] MethodGroupsHelper.sortMethods() took 0 ms.
[INFO]2025-03-2016:55:41.813[main]org.testng.internal.Utils1)-[Utils] MethodGroupsHelper.collectMethodsByGroup() took 0 ms.
[INFO]2025-03-2016:55:41.813[main]org.testng.internal.Utils1)-[Utils] MethodGroupsHelper.sortMethods() took 0 ms.
[INFO]2025-03-2016:55:41.813[main]org.testng.internal.Utils1)-[Utils] MethodGroupsHelper.collectMethodsByGroup() took 0 ms.
[INFO]2025-03-2016:55:41.813[main]org.testng.internal.Utils1)-[Utils] MethodGroupsHelper.sortMethods() took 0 ms.
[INFO]2025-03-2016:55:41.818[main]org.testng.internal.Utils1)-[TestNG] Running:
  C:\Users\ashok\AppData\Local\Temp\testng-eclipse-1621439652\testng-customsuite.xml

[INFO]2025-03-2016:55:41.848[main]org.testng.internal.Utils1)-[Utils] DynamicGraphHelper.createDynamicGraph() took 2 ms.
[INFO]2025-03-2016:55:46.470[main]org.testng.internal.Utils1)-[TestNG] Time taken by org.testng.reporters.jq.Main@58ebee9: 62 ms
[INFO]2025-03-2016:55:46.477[main]org.testng.internal.Utils1)-[TestNG] Time taken by org.testng.reporters.FailedReporter@1a0ffb9b: 6 ms
[INFO]2025-03-2016:55:46.502[main]org.testng.internal.Utils1)-[TestNG] Time taken by org.testng.reporters.XMLReporter@5315266: 25 ms
[INFO]2025-03-2016:55:46.509[main]org.testng.internal.Utils1)-[TestNG] Time taken by org.testng.reporters.EmailableReporter2@2ceb68a1: 7 ms
[INFO]2025-03-2016:55:46.548[main]org.testng.internal.Utils1)-[TestNG] Time taken by org.testng.reporters.JUnitReportReporter@75805562: 39 ms
[INFO]2025-03-2016:55:46.548[main]org.testng.internal.Utils1)-[TestNG] Time taken by org.testng.internal.ExitCodeListener@13d984ee: 0 ms
[INFO]2025-03-2016:56:44.249[main]org.testng.internal.Utils1)-[Utils] MethodGroupsHelper.collectMethodsByGroup() took 0 ms.
[INFO]2025-03-2016:56:44.254[main]org.testng.internal.Utils1)-[Utils] MethodGroupsHelper.sortMethods() took 1 ms.
[INFO]2025-03-2016:56:44.255[main]org.testng.internal.Utils1)-[Utils] MethodGroupsHelper.collectMethodsByGroup() took 0 ms.
[INFO]2025-03-2016:56:44.255[main]org.testng.internal.Utils1)-[Utils] MethodGroupsHelper.sortMethods() took 0 ms.
[INFO]2025-03-2016:56:44.260[main]org.testng.internal.Utils1)-[Utils] MethodGroupsHelper.collectMethodsByGroup() took 3 ms.
[INFO]2025-03-2016:56:44.268[main]org.testng.internal.Utils1)-[Utils] MethodGroupsHelper.sortMethods() took 8 ms.
[INFO]2025-03-2016:56:44.269[main]org.testng.internal.Utils1)-[Utils] MethodGroupsHelper.collectMethodsByGroup() took 0 ms.
[INFO]2025-03-2016:56:44.269[main]org.testng.internal.Utils1)-[Utils] MethodGroupsHelper.sortMethods() took 0 ms.
[INFO]2025-03-2016:56:44.270[main]org.testng.internal.Utils1)-[Utils] MethodGroupsHelper.collectMethodsByGroup() took 0 ms.
[INFO]2025-03-2016:56:44.270[main]org.testng.internal.Utils1)-[Utils] MethodGroupsHelper.sortMethods() took 0 ms.
[INFO]2025-03-2016:56:44.271[main]org.testng.internal.Utils1)-[Utils] MethodGroupsHelper.collectMethodsByGroup() took 0 ms.
[INFO]2025-03-2016:56:44.271[main]org.testng.internal.Utils1)-[Utils] MethodGroupsHelper.sortMethods() took 0 ms.
[INFO]2025-03-2016:56:44.272[main]org.testng.internal.Utils1)-[Utils] MethodGroupsHelper.collectMethodsByGroup() took 0 ms.
[INFO]2025-03-2016:56:44.272[main]org.testng.internal.Utils1)-[Utils] MethodGroupsHelper.sortMethods() took 0 ms.
[INFO]2025-03-2016:56:44.272[main]org.testng.internal.Utils1)-[Utils] MethodGroupsHelper.collectMethodsByGroup() took 0 ms.
[INFO]2025-03-2016:56:44.272[main]org.testng.internal.Utils1)-[Utils] MethodGroupsHelper.sortMethods() took 0 ms.
[INFO]2025-03-2016:56:44.273[main]org.testng.internal.Utils1)-[Utils] MethodGroupsHelper.collectMethodsByGroup() took 0 ms.
[INFO]2025-03-2016:56:44.275[main]org.testng.internal.Utils1)-[Utils] MethodGroupsHelper.sortMethods() took 0 ms.
[INFO]2025-03-2016:56:44.275[main]org.testng.internal.Utils1)-[Utils] MethodGroupsHelper.collectMethodsByGroup() took 0 ms.
[INFO]2025-03-2016:56:44.275[main]org.testng.internal.Utils1)-[Utils] MethodGroupsHelper.sortMethods() took 0 ms.
[INFO]2025-03-2016:56:44.277[main]org.testng.internal.Utils1)-[Utils] MethodGroupsHelper.collectMethodsByGroup() took 0 ms.
[INFO]2025-03-2016:56:44.277[main]org.testng.internal.Utils1)-[Utils] MethodGroupsHelper.sortMethods() took 0 ms.
[INFO]2025-03-2016:56:44.278[main]org.testng.internal.Utils1)-[Utils] MethodGroupsHelper.collectMethodsByGroup() took 1 ms.
[INFO]2025-03-2016:56:44.278[main]org.testng.internal.Utils1)-[Utils] MethodGroupsHelper.sortMethods() took 0 ms.
[INFO]2025-03-2016:56:44.279[main]org.testng.internal.Utils1)-[Utils] MethodGroupsHelper.collectMethodsByGroup() took 0 ms.
[INFO]2025-03-2016:56:44.279[main]org.testng.internal.Utils1)-[Utils] MethodGroupsHelper.sortMethods() took 0 ms.
[INFO]2025-03-2016:56:44.280[main]org.testng.internal.Utils1)-[Utils] MethodGroupsHelper.collectMethodsByGroup() took 0 ms.
[INFO]2025-03-2016:56:44.280[main]org.testng.internal.Utils1)-[Utils] MethodGroupsHelper.sortMethods() took 0 ms.
[INFO]2025-03-2016:56:44.280[main]org.testng.internal.Utils1)-[Utils] MethodGroupsHelper.collectMethodsByGroup() took 0 ms.
[INFO]2025-03-2016:56:44.281[main]org.testng.internal.Utils1)-[Utils] MethodGroupsHelper.sortMethods() took 0 ms.
[INFO]2025-03-2016:56:44.286[main]org.testng.internal.Utils1)-[TestNG] Running:
  C:\Users\ashok\AppData\Local\Temp\testng-eclipse-1250769930\testng-customsuite.xml

[INFO]2025-03-2016:56:44.322[main]org.testng.internal.Utils1)-[Utils] DynamicGraphHelper.createDynamicGraph() took 4 ms.
[INFO]2025-03-2016:56:46.905[main]org.testng.internal.Utils1)-[TestNG] Time taken by org.testng.reporters.jq.Main@59933644: 38 ms
[INFO]2025-03-2016:56:46.912[main]org.testng.internal.Utils1)-[TestNG] Time taken by org.testng.reporters.FailedReporter@28dd81ad: 7 ms
[INFO]2025-03-2016:56:46.923[main]org.testng.internal.Utils1)-[TestNG] Time taken by org.testng.reporters.XMLReporter@6c27e700: 11 ms
[INFO]2025-03-2016:56:46.929[main]org.testng.internal.Utils1)-[TestNG] Time taken by org.testng.reporters.EmailableReporter2@77ecdc2b: 6 ms
[INFO]2025-03-2016:56:46.936[main]org.testng.internal.Utils1)-[TestNG] Time taken by org.testng.reporters.JUnitReportReporter@39a7eca5: 7 ms
[INFO]2025-03-2016:56:46.936[main]org.testng.internal.Utils1)-[TestNG] Time taken by org.testng.internal.ExitCodeListener@45bd4753: 0 ms
[INFO]2025-03-2016:57:36.054[main]org.testng.internal.Utils1)-[Utils] MethodGroupsHelper.collectMethodsByGroup() took 0 ms.
[INFO]2025-03-2016:57:36.056[main]org.testng.internal.Utils1)-[Utils] MethodGroupsHelper.sortMethods() took 0 ms.
[INFO]2025-03-2016:57:36.059[main]org.testng.internal.Utils1)-[Utils] MethodGroupsHelper.collectMethodsByGroup() took 0 ms.
[INFO]2025-03-2016:57:36.059[main]org.testng.internal.Utils1)-[Utils] MethodGroupsHelper.sortMethods() took 0 ms.
[INFO]2025-03-2016:57:36.060[main]org.testng.internal.Utils1)-[Utils] MethodGroupsHelper.collectMethodsByGroup() took 0 ms.
[INFO]2025-03-2016:57:36.060[main]org.testng.internal.Utils1)-[Utils] MethodGroupsHelper.sortMethods() took 0 ms.
[INFO]2025-03-2016:57:36.060[main]org.testng.internal.Utils1)-[Utils] MethodGroupsHelper.collectMethodsByGroup() took 0 ms.
[INFO]2025-03-2016:57:36.060[main]org.testng.internal.Utils1)-[Utils] MethodGroupsHelper.sortMethods() took 0 ms.
[INFO]2025-03-2016:57:36.062[main]org.testng.internal.Utils1)-[Utils] MethodGroupsHelper.collectMethodsByGroup() took 0 ms.
[INFO]2025-03-2016:57:36.070[main]org.testng.internal.Utils1)-[Utils] MethodGroupsHelper.sortMethods() took 7 ms.
[INFO]2025-03-2016:57:36.071[main]org.testng.internal.Utils1)-[Utils] MethodGroupsHelper.collectMethodsByGroup() took 0 ms.
[INFO]2025-03-2016:57:36.071[main]org.testng.internal.Utils1)-[Utils] MethodGroupsHelper.sortMethods() took 0 ms.
[INFO]2025-03-2016:57:36.072[main]org.testng.internal.Utils1)-[Utils] MethodGroupsHelper.collectMethodsByGroup() took 0 ms.
[INFO]2025-03-2016:57:36.072[main]org.testng.internal.Utils1)-[Utils] MethodGroupsHelper.sortMethods() took 0 ms.
[INFO]2025-03-2016:57:36.072[main]org.testng.internal.Utils1)-[Utils] MethodGroupsHelper.collectMethodsByGroup() took 0 ms.
[INFO]2025-03-2016:57:36.072[main]org.testng.internal.Utils1)-[Utils] MethodGroupsHelper.sortMethods() took 0 ms.
[INFO]2025-03-2016:57:36.073[main]org.testng.internal.Utils1)-[Utils] MethodGroupsHelper.collectMethodsByGroup() took 0 ms.
[INFO]2025-03-2016:57:36.074[main]org.testng.internal.Utils1)-[Utils] MethodGroupsHelper.sortMethods() took 0 ms.
[INFO]2025-03-2016:57:36.074[main]org.testng.internal.Utils1)-[Utils] MethodGroupsHelper.collectMethodsByGroup() took 0 ms.
[INFO]2025-03-2016:57:36.074[main]org.testng.internal.Utils1)-[Utils] MethodGroupsHelper.sortMethods() took 0 ms.
[INFO]2025-03-2016:57:36.076[main]org.testng.internal.Utils1)-[Utils] MethodGroupsHelper.collectMethodsByGroup() took 0 ms.
[INFO]2025-03-2016:57:36.076[main]org.testng.internal.Utils1)-[Utils] MethodGroupsHelper.sortMethods() took 0 ms.
[INFO]2025-03-2016:57:36.077[main]org.testng.internal.Utils1)-[Utils] MethodGroupsHelper.collectMethodsByGroup() took 0 ms.
[INFO]2025-03-2016:57:36.077[main]org.testng.internal.Utils1)-[Utils] MethodGroupsHelper.sortMethods() took 0 ms.
[INFO]2025-03-2016:57:36.081[main]org.testng.internal.Utils1)-[Utils] MethodGroupsHelper.collectMethodsByGroup() took 3 ms.
[INFO]2025-03-2016:57:36.081[main]org.testng.internal.Utils1)-[Utils] MethodGroupsHelper.sortMethods() took 0 ms.
[INFO]2025-03-2016:57:36.083[main]org.testng.internal.Utils1)-[Utils] MethodGroupsHelper.collectMethodsByGroup() took 0 ms.
[INFO]2025-03-2016:57:36.083[main]org.testng.internal.Utils1)-[Utils] MethodGroupsHelper.sortMethods() took 0 ms.
[INFO]2025-03-2016:57:36.083[main]org.testng.internal.Utils1)-[Utils] MethodGroupsHelper.collectMethodsByGroup() took 0 ms.
[INFO]2025-03-2016:57:36.083[main]org.testng.internal.Utils1)-[Utils] MethodGroupsHelper.sortMethods() took 0 ms.
[INFO]2025-03-2016:57:36.087[main]org.testng.internal.Utils1)-[TestNG] Running:
  C:\Users\ashok\AppData\Local\Temp\testng-eclipse--1380635067\testng-customsuite.xml

[INFO]2025-03-2016:57:36.103[main]org.testng.internal.Utils1)-[Utils] DynamicGraphHelper.createDynamicGraph() took 2 ms.
[INFO]2025-03-2020:55:13.496[main]org.testng.internal.Utils1)-[Utils] MethodGroupsHelper.collectMethodsByGroup() took 0 ms.
[INFO]2025-03-2020:55:13.501[main]org.testng.internal.Utils1)-[Utils] MethodGroupsHelper.sortMethods() took 1 ms.
[INFO]2025-03-2020:55:13.503[main]org.testng.internal.Utils1)-[Utils] MethodGroupsHelper.collectMethodsByGroup() took 0 ms.
[INFO]2025-03-2020:55:13.503[main]org.testng.internal.Utils1)-[Utils] MethodGroupsHelper.sortMethods() took 0 ms.
[INFO]2025-03-2020:55:13.503[main]org.testng.internal.Utils1)-[Utils] MethodGroupsHelper.collectMethodsByGroup() took 0 ms.
[INFO]2025-03-2020:55:13.503[main]org.testng.internal.Utils1)-[Utils] MethodGroupsHelper.sortMethods() took 0 ms.
[INFO]2025-03-2020:55:13.504[main]org.testng.internal.Utils1)-[Utils] MethodGroupsHelper.collectMethodsByGroup() took 0 ms.
[INFO]2025-03-2020:55:13.504[main]org.testng.internal.Utils1)-[Utils] MethodGroupsHelper.sortMethods() took 0 ms.
[INFO]2025-03-2020:55:13.506[main]org.testng.internal.Utils1)-[Utils] MethodGroupsHelper.collectMethodsByGroup() took 0 ms.
[INFO]2025-03-2020:55:13.530[main]org.testng.internal.Utils1)-[Utils] MethodGroupsHelper.sortMethods() took 23 ms.
[INFO]2025-03-2020:55:13.533[main]org.testng.internal.Utils1)-[Utils] MethodGroupsHelper.collectMethodsByGroup() took 0 ms.
[INFO]2025-03-2020:55:13.534[main]org.testng.internal.Utils1)-[Utils] MethodGroupsHelper.sortMethods() took 1 ms.
[INFO]2025-03-2020:55:13.534[main]org.testng.internal.Utils1)-[Utils] MethodGroupsHelper.collectMethodsByGroup() took 0 ms.
[INFO]2025-03-2020:55:13.534[main]org.testng.internal.Utils1)-[Utils] MethodGroupsHelper.sortMethods() took 0 ms.
[INFO]2025-03-2020:55:13.535[main]org.testng.internal.Utils1)-[Utils] MethodGroupsHelper.collectMethodsByGroup() took 0 ms.
[INFO]2025-03-2020:55:13.535[main]org.testng.internal.Utils1)-[Utils] MethodGroupsHelper.sortMethods() took 0 ms.
[INFO]2025-03-2020:55:13.537[main]org.testng.internal.Utils1)-[Utils] MethodGroupsHelper.collectMethodsByGroup() took 0 ms.
[INFO]2025-03-2020:55:13.537[main]org.testng.internal.Utils1)-[Utils] MethodGroupsHelper.sortMethods() took 0 ms.
[INFO]2025-03-2020:55:13.538[main]org.testng.internal.Utils1)-[Utils] MethodGroupsHelper.collectMethodsByGroup() took 0 ms.
[INFO]2025-03-2020:55:13.538[main]org.testng.internal.Utils1)-[Utils] MethodGroupsHelper.sortMethods() took 0 ms.
[INFO]2025-03-2020:55:13.540[main]org.testng.internal.Utils1)-[Utils] MethodGroupsHelper.collectMethodsByGroup() took 0 ms.
[INFO]2025-03-2020:55:13.540[main]org.testng.internal.Utils1)-[Utils] MethodGroupsHelper.sortMethods() took 0 ms.
[INFO]2025-03-2020:55:13.541[main]org.testng.internal.Utils1)-[Utils] MethodGroupsHelper.collectMethodsByGroup() took 0 ms.
[INFO]2025-03-2020:55:13.541[main]org.testng.internal.Utils1)-[Utils] MethodGroupsHelper.sortMethods() took 0 ms.
[INFO]2025-03-2020:55:13.548[main]org.testng.internal.Utils1)-[Utils] MethodGroupsHelper.collectMethodsByGroup() took 6 ms.
[INFO]2025-03-2020:55:13.548[main]org.testng.internal.Utils1)-[Utils] MethodGroupsHelper.sortMethods() took 0 ms.
[INFO]2025-03-2020:55:13.550[main]org.testng.internal.Utils1)-[Utils] MethodGroupsHelper.collectMethodsByGroup() took 0 ms.
[INFO]2025-03-2020:55:13.550[main]org.testng.internal.Utils1)-[Utils] MethodGroupsHelper.sortMethods() took 0 ms.
[INFO]2025-03-2020:55:13.550[main]org.testng.internal.Utils1)-[Utils] MethodGroupsHelper.collectMethodsByGroup() took 0 ms.
[INFO]2025-03-2020:55:13.550[main]org.testng.internal.Utils1)-[Utils] MethodGroupsHelper.sortMethods() took 0 ms.
[INFO]2025-03-2020:55:13.559[main]org.testng.internal.Utils1)-[TestNG] Running:
  C:\Users\ashok\AppData\Local\Temp\testng-eclipse--1773990091\testng-customsuite.xml

[INFO]2025-03-2020:55:13.585[main]org.testng.internal.Utils1)-[Utils] DynamicGraphHelper.createDynamicGraph() took 7 ms.
[INFO]2025-03-2020:55:16.684[main]org.testng.internal.Utils1)-[TestNG] Time taken by org.testng.reporters.jq.Main@5792c08c: 207 ms
[INFO]2025-03-2020:55:16.699[main]org.testng.internal.Utils1)-[TestNG] Time taken by org.testng.reporters.FailedReporter@991cbde: 15 ms
[INFO]2025-03-2020:55:16.767[main]org.testng.internal.Utils1)-[TestNG] Time taken by org.testng.reporters.XMLReporter@4e224df5: 68 ms
[INFO]2025-03-2020:55:16.788[main]org.testng.internal.Utils1)-[TestNG] Time taken by org.testng.reporters.EmailableReporter2@59c04bee: 20 ms
[INFO]2025-03-2020:55:16.810[main]org.testng.internal.Utils1)-[TestNG] Time taken by org.testng.reporters.JUnitReportReporter@46e3559f: 22 ms
[INFO]2025-03-2020:55:16.810[main]org.testng.internal.Utils1)-[TestNG] Time taken by org.testng.internal.ExitCodeListener@3b83459e: 0 ms
[INFO]2025-03-2020:57:50.270[main]org.testng.internal.Utils1)-[Utils] MethodGroupsHelper.collectMethodsByGroup() took 1 ms.
[INFO]2025-03-2020:57:50.275[main]org.testng.internal.Utils1)-[Utils] MethodGroupsHelper.sortMethods() took 1 ms.
[INFO]2025-03-2020:57:50.277[main]org.testng.internal.Utils1)-[Utils] MethodGroupsHelper.collectMethodsByGroup() took 0 ms.
[INFO]2025-03-2020:57:50.277[main]org.testng.internal.Utils1)-[Utils] MethodGroupsHelper.sortMethods() took 0 ms.
[INFO]2025-03-2020:57:50.278[main]org.testng.internal.Utils1)-[Utils] MethodGroupsHelper.collectMethodsByGroup() took 0 ms.
[INFO]2025-03-2020:57:50.278[main]org.testng.internal.Utils1)-[Utils] MethodGroupsHelper.sortMethods() took 0 ms.
[INFO]2025-03-2020:57:50.279[main]org.testng.internal.Utils1)-[Utils] MethodGroupsHelper.collectMethodsByGroup() took 0 ms.
[INFO]2025-03-2020:57:50.279[main]org.testng.internal.Utils1)-[Utils] MethodGroupsHelper.sortMethods() took 0 ms.
[INFO]2025-03-2020:57:50.284[main]org.testng.internal.Utils1)-[Utils] MethodGroupsHelper.collectMethodsByGroup() took 1 ms.
[INFO]2025-03-2020:57:50.300[main]org.testng.internal.Utils1)-[Utils] MethodGroupsHelper.sortMethods() took 16 ms.
[INFO]2025-03-2020:57:50.301[main]org.testng.internal.Utils1)-[Utils] MethodGroupsHelper.collectMethodsByGroup() took 0 ms.
[INFO]2025-03-2020:57:50.302[main]org.testng.internal.Utils1)-[Utils] MethodGroupsHelper.sortMethods() took 1 ms.
[INFO]2025-03-2020:57:50.302[main]org.testng.internal.Utils1)-[Utils] MethodGroupsHelper.collectMethodsByGroup() took 0 ms.
[INFO]2025-03-2020:57:50.302[main]org.testng.internal.Utils1)-[Utils] MethodGroupsHelper.sortMethods() took 0 ms.
[INFO]2025-03-2020:57:50.303[main]org.testng.internal.Utils1)-[Utils] MethodGroupsHelper.collectMethodsByGroup() took 0 ms.
[INFO]2025-03-2020:57:50.303[main]org.testng.internal.Utils1)-[Utils] MethodGroupsHelper.sortMethods() took 0 ms.
[INFO]2025-03-2020:57:50.305[main]org.testng.internal.Utils1)-[Utils] MethodGroupsHelper.collectMethodsByGroup() took 0 ms.
[INFO]2025-03-2020:57:50.305[main]org.testng.internal.Utils1)-[Utils] MethodGroupsHelper.sortMethods() took 0 ms.
[INFO]2025-03-2020:57:50.306[main]org.testng.internal.Utils1)-[Utils] MethodGroupsHelper.collectMethodsByGroup() took 0 ms.
[INFO]2025-03-2020:57:50.306[main]org.testng.internal.Utils1)-[Utils] MethodGroupsHelper.sortMethods() took 0 ms.
[INFO]2025-03-2020:57:50.307[main]org.testng.internal.Utils1)-[Utils] MethodGroupsHelper.collectMethodsByGroup() took 0 ms.
[INFO]2025-03-2020:57:50.309[main]org.testng.internal.Utils1)-[Utils] MethodGroupsHelper.sortMethods() took 0 ms.
[INFO]2025-03-2020:57:50.309[main]org.testng.internal.Utils1)-[Utils] MethodGroupsHelper.collectMethodsByGroup() took 0 ms.
[INFO]2025-03-2020:57:50.309[main]org.testng.internal.Utils1)-[Utils] MethodGroupsHelper.sortMethods() took 0 ms.
[INFO]2025-03-2020:57:50.315[main]org.testng.internal.Utils1)-[Utils] MethodGroupsHelper.collectMethodsByGroup() took 6 ms.
[INFO]2025-03-2020:57:50.316[main]org.testng.internal.Utils1)-[Utils] MethodGroupsHelper.sortMethods() took 1 ms.
[INFO]2025-03-2020:57:50.317[main]org.testng.internal.Utils1)-[Utils] MethodGroupsHelper.collectMethodsByGroup() took 0 ms.
[INFO]2025-03-2020:57:50.318[main]org.testng.internal.Utils1)-[Utils] MethodGroupsHelper.sortMethods() took 0 ms.
[INFO]2025-03-2020:57:50.318[main]org.testng.internal.Utils1)-[Utils] MethodGroupsHelper.collectMethodsByGroup() took 0 ms.
[INFO]2025-03-2020:57:50.318[main]org.testng.internal.Utils1)-[Utils] MethodGroupsHelper.sortMethods() took 0 ms.
[INFO]2025-03-2020:57:50.329[main]org.testng.internal.Utils1)-[TestNG] Running:
  C:\Users\ashok\AppData\Local\Temp\testng-eclipse-52225759\testng-customsuite.xml

[INFO]2025-03-2020:57:50.353[main]org.testng.internal.Utils1)-[Utils] DynamicGraphHelper.createDynamicGraph() took 5 ms.
[INFO]2025-03-2020:58:02.154[main]org.testng.internal.Utils1)-[TestNG] Time taken by org.testng.reporters.jq.Main@4ce18cec: 152 ms
[INFO]2025-03-2020:58:02.168[main]org.testng.internal.Utils1)-[TestNG] Time taken by org.testng.reporters.FailedReporter@77fceac6: 13 ms
[INFO]2025-03-2020:58:02.221[main]org.testng.internal.Utils1)-[TestNG] Time taken by org.testng.reporters.XMLReporter@48860139: 52 ms
[INFO]2025-03-2020:58:02.240[main]org.testng.internal.Utils1)-[TestNG] Time taken by org.testng.reporters.EmailableReporter2@626df173: 19 ms
[INFO]2025-03-2020:58:02.288[main]org.testng.internal.Utils1)-[TestNG] Time taken by org.testng.reporters.JUnitReportReporter@5d22ed6c: 48 ms
[INFO]2025-03-2020:58:02.289[main]org.testng.internal.Utils1)-[TestNG] Time taken by org.testng.internal.ExitCodeListener@37c37d67: 0 ms
[INFO]2025-03-2020:59:15.762[main]org.testng.internal.Utils1)-[Utils] MethodGroupsHelper.collectMethodsByGroup() took 1 ms.
[INFO]2025-03-2020:59:15.766[main]org.testng.internal.Utils1)-[Utils] MethodGroupsHelper.sortMethods() took 1 ms.
[INFO]2025-03-2020:59:15.768[main]org.testng.internal.Utils1)-[Utils] MethodGroupsHelper.collectMethodsByGroup() took 0 ms.
[INFO]2025-03-2020:59:15.768[main]org.testng.internal.Utils1)-[Utils] MethodGroupsHelper.sortMethods() took 0 ms.
[INFO]2025-03-2020:59:15.768[main]org.testng.internal.Utils1)-[Utils] MethodGroupsHelper.collectMethodsByGroup() took 0 ms.
[INFO]2025-03-2020:59:15.768[main]org.testng.internal.Utils1)-[Utils] MethodGroupsHelper.sortMethods() took 0 ms.
[INFO]2025-03-2020:59:15.770[main]org.testng.internal.Utils1)-[Utils] MethodGroupsHelper.collectMethodsByGroup() took 0 ms.
[INFO]2025-03-2020:59:15.770[main]org.testng.internal.Utils1)-[Utils] MethodGroupsHelper.sortMethods() took 0 ms.
[INFO]2025-03-2020:59:15.772[main]org.testng.internal.Utils1)-[Utils] MethodGroupsHelper.collectMethodsByGroup() took 0 ms.
[INFO]2025-03-2020:59:15.789[main]org.testng.internal.Utils1)-[Utils] MethodGroupsHelper.sortMethods() took 17 ms.
[INFO]2025-03-2020:59:15.791[main]org.testng.internal.Utils1)-[Utils] MethodGroupsHelper.collectMethodsByGroup() took 0 ms.
[INFO]2025-03-2020:59:15.791[main]org.testng.internal.Utils1)-[Utils] MethodGroupsHelper.sortMethods() took 0 ms.
[INFO]2025-03-2020:59:15.793[main]org.testng.internal.Utils1)-[Utils] MethodGroupsHelper.collectMethodsByGroup() took 0 ms.
[INFO]2025-03-2020:59:15.793[main]org.testng.internal.Utils1)-[Utils] MethodGroupsHelper.sortMethods() took 0 ms.
[INFO]2025-03-2020:59:15.794[main]org.testng.internal.Utils1)-[Utils] MethodGroupsHelper.collectMethodsByGroup() took 0 ms.
[INFO]2025-03-2020:59:15.794[main]org.testng.internal.Utils1)-[Utils] MethodGroupsHelper.sortMethods() took 0 ms.
[INFO]2025-03-2020:59:15.797[main]org.testng.internal.Utils1)-[Utils] MethodGroupsHelper.collectMethodsByGroup() took 0 ms.
[INFO]2025-03-2020:59:15.797[main]org.testng.internal.Utils1)-[Utils] MethodGroupsHelper.sortMethods() took 0 ms.
[INFO]2025-03-2020:59:15.797[main]org.testng.internal.Utils1)-[Utils] MethodGroupsHelper.collectMethodsByGroup() took 0 ms.
[INFO]2025-03-2020:59:15.797[main]org.testng.internal.Utils1)-[Utils] MethodGroupsHelper.sortMethods() took 0 ms.
[INFO]2025-03-2020:59:15.799[main]org.testng.internal.Utils1)-[Utils] MethodGroupsHelper.collectMethodsByGroup() took 0 ms.
[INFO]2025-03-2020:59:15.800[main]org.testng.internal.Utils1)-[Utils] MethodGroupsHelper.sortMethods() took 0 ms.
[INFO]2025-03-2020:59:15.800[main]org.testng.internal.Utils1)-[Utils] MethodGroupsHelper.collectMethodsByGroup() took 0 ms.
[INFO]2025-03-2020:59:15.800[main]org.testng.internal.Utils1)-[Utils] MethodGroupsHelper.sortMethods() took 0 ms.
[INFO]2025-03-2020:59:15.807[main]org.testng.internal.Utils1)-[Utils] MethodGroupsHelper.collectMethodsByGroup() took 5 ms.
[INFO]2025-03-2020:59:15.808[main]org.testng.internal.Utils1)-[Utils] MethodGroupsHelper.sortMethods() took 0 ms.
[INFO]2025-03-2020:59:15.809[main]org.testng.internal.Utils1)-[Utils] MethodGroupsHelper.collectMethodsByGroup() took 0 ms.
[INFO]2025-03-2020:59:15.809[main]org.testng.internal.Utils1)-[Utils] MethodGroupsHelper.sortMethods() took 0 ms.
[INFO]2025-03-2020:59:15.810[main]org.testng.internal.Utils1)-[Utils] MethodGroupsHelper.collectMethodsByGroup() took 0 ms.
[INFO]2025-03-2020:59:15.810[main]org.testng.internal.Utils1)-[Utils] MethodGroupsHelper.sortMethods() took 0 ms.
[INFO]2025-03-2020:59:15.819[main]org.testng.internal.Utils1)-[TestNG] Running:
  C:\Users\ashok\AppData\Local\Temp\testng-eclipse-1641577493\testng-customsuite.xml

[INFO]2025-03-2020:59:15.843[main]org.testng.internal.Utils1)-[Utils] DynamicGraphHelper.createDynamicGraph() took 5 ms.
[INFO]2025-03-2021:01:34.539[main]org.testng.internal.Utils1)-[Utils] MethodGroupsHelper.collectMethodsByGroup() took 1 ms.
[INFO]2025-03-2021:01:34.544[main]org.testng.internal.Utils1)-[Utils] MethodGroupsHelper.sortMethods() took 1 ms.
[INFO]2025-03-2021:01:34.546[main]org.testng.internal.Utils1)-[Utils] MethodGroupsHelper.collectMethodsByGroup() took 0 ms.
[INFO]2025-03-2021:01:34.546[main]org.testng.internal.Utils1)-[Utils] MethodGroupsHelper.sortMethods() took 0 ms.
[INFO]2025-03-2021:01:34.547[main]org.testng.internal.Utils1)-[Utils] MethodGroupsHelper.collectMethodsByGroup() took 0 ms.
[INFO]2025-03-2021:01:34.547[main]org.testng.internal.Utils1)-[Utils] MethodGroupsHelper.sortMethods() took 0 ms.
[INFO]2025-03-2021:01:34.548[main]org.testng.internal.Utils1)-[Utils] MethodGroupsHelper.collectMethodsByGroup() took 0 ms.
[INFO]2025-03-2021:01:34.548[main]org.testng.internal.Utils1)-[Utils] MethodGroupsHelper.sortMethods() took 0 ms.
[INFO]2025-03-2021:01:34.549[main]org.testng.internal.Utils1)-[Utils] MethodGroupsHelper.collectMethodsByGroup() took 0 ms.
[INFO]2025-03-2021:01:34.557[main]org.testng.internal.Utils1)-[Utils] MethodGroupsHelper.sortMethods() took 8 ms.
[INFO]2025-03-2021:01:34.558[main]org.testng.internal.Utils1)-[Utils] MethodGroupsHelper.collectMethodsByGroup() took 0 ms.
[INFO]2025-03-2021:01:34.559[main]org.testng.internal.Utils1)-[Utils] MethodGroupsHelper.sortMethods() took 0 ms.
[INFO]2025-03-2021:01:34.559[main]org.testng.internal.Utils1)-[Utils] MethodGroupsHelper.collectMethodsByGroup() took 0 ms.
[INFO]2025-03-2021:01:34.559[main]org.testng.internal.Utils1)-[Utils] MethodGroupsHelper.sortMethods() took 0 ms.
[INFO]2025-03-2021:01:34.560[main]org.testng.internal.Utils1)-[Utils] MethodGroupsHelper.collectMethodsByGroup() took 0 ms.
[INFO]2025-03-2021:01:34.560[main]org.testng.internal.Utils1)-[Utils] MethodGroupsHelper.sortMethods() took 0 ms.
[INFO]2025-03-2021:01:34.562[main]org.testng.internal.Utils1)-[Utils] MethodGroupsHelper.collectMethodsByGroup() took 0 ms.
[INFO]2025-03-2021:01:34.562[main]org.testng.internal.Utils1)-[Utils] MethodGroupsHelper.sortMethods() took 0 ms.
[INFO]2025-03-2021:01:34.563[main]org.testng.internal.Utils1)-[Utils] MethodGroupsHelper.collectMethodsByGroup() took 0 ms.
[INFO]2025-03-2021:01:34.563[main]org.testng.internal.Utils1)-[Utils] MethodGroupsHelper.sortMethods() took 0 ms.
[INFO]2025-03-2021:01:34.566[main]org.testng.internal.Utils1)-[Utils] MethodGroupsHelper.collectMethodsByGroup() took 0 ms.
[INFO]2025-03-2021:01:34.566[main]org.testng.internal.Utils1)-[Utils] MethodGroupsHelper.sortMethods() took 0 ms.
[INFO]2025-03-2021:01:34.566[main]org.testng.internal.Utils1)-[Utils] MethodGroupsHelper.collectMethodsByGroup() took 0 ms.
[INFO]2025-03-2021:01:34.566[main]org.testng.internal.Utils1)-[Utils] MethodGroupsHelper.sortMethods() took 0 ms.
[INFO]2025-03-2021:01:34.572[main]org.testng.internal.Utils1)-[Utils] MethodGroupsHelper.collectMethodsByGroup() took 4 ms.
[INFO]2025-03-2021:01:34.573[main]org.testng.internal.Utils1)-[Utils] MethodGroupsHelper.sortMethods() took 0 ms.
[INFO]2025-03-2021:01:34.574[main]org.testng.internal.Utils1)-[Utils] MethodGroupsHelper.collectMethodsByGroup() took 0 ms.
[INFO]2025-03-2021:01:34.574[main]org.testng.internal.Utils1)-[Utils] MethodGroupsHelper.sortMethods() took 0 ms.
[INFO]2025-03-2021:01:34.574[main]org.testng.internal.Utils1)-[Utils] MethodGroupsHelper.collectMethodsByGroup() took 0 ms.
[INFO]2025-03-2021:01:34.574[main]org.testng.internal.Utils1)-[Utils] MethodGroupsHelper.sortMethods() took 0 ms.
[INFO]2025-03-2021:01:34.585[main]org.testng.internal.Utils1)-[TestNG] Running:
  C:\Users\ashok\AppData\Local\Temp\testng-eclipse-817813129\testng-customsuite.xml

[INFO]2025-03-2021:01:34.606[main]org.testng.internal.Utils1)-[Utils] DynamicGraphHelper.createDynamicGraph() took 3 ms.
[INFO]2025-03-2021:01:45.031[main]org.testng.internal.Utils1)-[TestNG] Time taken by org.testng.reporters.jq.Main@6ec98ccc: 163 ms
[INFO]2025-03-2021:01:45.044[main]org.testng.internal.Utils1)-[TestNG] Time taken by org.testng.reporters.FailedReporter@188bf4d8: 13 ms
[INFO]2025-03-2021:01:45.102[main]org.testng.internal.Utils1)-[TestNG] Time taken by org.testng.reporters.XMLReporter@6dcee890: 58 ms
[INFO]2025-03-2021:01:45.126[main]org.testng.internal.Utils1)-[TestNG] Time taken by org.testng.reporters.EmailableReporter2@5b74902c: 24 ms
[INFO]2025-03-2021:01:45.211[main]org.testng.internal.Utils1)-[TestNG] Time taken by org.testng.reporters.JUnitReportReporter@77fceac6: 85 ms
[INFO]2025-03-2021:01:45.212[main]org.testng.internal.Utils1)-[TestNG] Time taken by org.testng.internal.ExitCodeListener@563c3aca: 0 ms
[INFO]2025-03-2021:02:19.098[main]org.testng.internal.Utils1)-[Utils] MethodGroupsHelper.collectMethodsByGroup() took 1 ms.
[INFO]2025-03-2021:02:19.102[main]org.testng.internal.Utils1)-[Utils] MethodGroupsHelper.sortMethods() took 1 ms.
[INFO]2025-03-2021:02:19.105[main]org.testng.internal.Utils1)-[Utils] MethodGroupsHelper.collectMethodsByGroup() took 0 ms.
[INFO]2025-03-2021:02:19.105[main]org.testng.internal.Utils1)-[Utils] MethodGroupsHelper.sortMethods() took 0 ms.
[INFO]2025-03-2021:02:19.106[main]org.testng.internal.Utils1)-[Utils] MethodGroupsHelper.collectMethodsByGroup() took 0 ms.
[INFO]2025-03-2021:02:19.106[main]org.testng.internal.Utils1)-[Utils] MethodGroupsHelper.sortMethods() took 0 ms.
[INFO]2025-03-2021:02:19.108[main]org.testng.internal.Utils1)-[Utils] MethodGroupsHelper.collectMethodsByGroup() took 0 ms.
[INFO]2025-03-2021:02:19.108[main]org.testng.internal.Utils1)-[Utils] MethodGroupsHelper.sortMethods() took 0 ms.
[INFO]2025-03-2021:02:19.112[main]org.testng.internal.Utils1)-[Utils] MethodGroupsHelper.collectMethodsByGroup() took 1 ms.
[INFO]2025-03-2021:02:19.121[main]org.testng.internal.Utils1)-[Utils] MethodGroupsHelper.sortMethods() took 8 ms.
[INFO]2025-03-2021:02:19.122[main]org.testng.internal.Utils1)-[Utils] MethodGroupsHelper.collectMethodsByGroup() took 0 ms.
[INFO]2025-03-2021:02:19.123[main]org.testng.internal.Utils1)-[Utils] MethodGroupsHelper.sortMethods() took 0 ms.
[INFO]2025-03-2021:02:19.124[main]org.testng.internal.Utils1)-[Utils] MethodGroupsHelper.collectMethodsByGroup() took 0 ms.
[INFO]2025-03-2021:02:19.124[main]org.testng.internal.Utils1)-[Utils] MethodGroupsHelper.sortMethods() took 0 ms.
[INFO]2025-03-2021:02:19.124[main]org.testng.internal.Utils1)-[Utils] MethodGroupsHelper.collectMethodsByGroup() took 0 ms.
[INFO]2025-03-2021:02:19.124[main]org.testng.internal.Utils1)-[Utils] MethodGroupsHelper.sortMethods() took 0 ms.
[INFO]2025-03-2021:02:19.127[main]org.testng.internal.Utils1)-[Utils] MethodGroupsHelper.collectMethodsByGroup() took 0 ms.
[INFO]2025-03-2021:02:19.127[main]org.testng.internal.Utils1)-[Utils] MethodGroupsHelper.sortMethods() took 0 ms.
[INFO]2025-03-2021:02:19.127[main]org.testng.internal.Utils1)-[Utils] MethodGroupsHelper.collectMethodsByGroup() took 0 ms.
[INFO]2025-03-2021:02:19.127[main]org.testng.internal.Utils1)-[Utils] MethodGroupsHelper.sortMethods() took 0 ms.
[INFO]2025-03-2021:02:19.130[main]org.testng.internal.Utils1)-[Utils] MethodGroupsHelper.collectMethodsByGroup() took 0 ms.
[INFO]2025-03-2021:02:19.130[main]org.testng.internal.Utils1)-[Utils] MethodGroupsHelper.sortMethods() took 0 ms.
[INFO]2025-03-2021:02:19.130[main]org.testng.internal.Utils1)-[Utils] MethodGroupsHelper.collectMethodsByGroup() took 0 ms.
[INFO]2025-03-2021:02:19.130[main]org.testng.internal.Utils1)-[Utils] MethodGroupsHelper.sortMethods() took 0 ms.
[INFO]2025-03-2021:02:19.135[main]org.testng.internal.Utils1)-[Utils] MethodGroupsHelper.collectMethodsByGroup() took 3 ms.
[INFO]2025-03-2021:02:19.136[main]org.testng.internal.Utils1)-[Utils] MethodGroupsHelper.sortMethods() took 0 ms.
[INFO]2025-03-2021:02:19.137[main]org.testng.internal.Utils1)-[Utils] MethodGroupsHelper.collectMethodsByGroup() took 0 ms.
[INFO]2025-03-2021:02:19.137[main]org.testng.internal.Utils1)-[Utils] MethodGroupsHelper.sortMethods() took 0 ms.
[INFO]2025-03-2021:02:19.137[main]org.testng.internal.Utils1)-[Utils] MethodGroupsHelper.collectMethodsByGroup() took 0 ms.
[INFO]2025-03-2021:02:19.137[main]org.testng.internal.Utils1)-[Utils] MethodGroupsHelper.sortMethods() took 0 ms.
[INFO]2025-03-2021:02:19.145[main]org.testng.internal.Utils1)-[TestNG] Running:
  C:\Users\ashok\AppData\Local\Temp\testng-eclipse--210189960\testng-customsuite.xml

[INFO]2025-03-2021:02:19.165[main]org.testng.internal.Utils1)-[Utils] DynamicGraphHelper.createDynamicGraph() took 3 ms.
[INFO]2025-03-2021:05:12.233[main]org.testng.internal.Utils1)-[Utils] MethodGroupsHelper.collectMethodsByGroup() took 1 ms.
[INFO]2025-03-2021:05:12.238[main]org.testng.internal.Utils1)-[Utils] MethodGroupsHelper.sortMethods() took 1 ms.
[INFO]2025-03-2021:05:12.240[main]org.testng.internal.Utils1)-[Utils] MethodGroupsHelper.collectMethodsByGroup() took 0 ms.
[INFO]2025-03-2021:05:12.240[main]org.testng.internal.Utils1)-[Utils] MethodGroupsHelper.sortMethods() took 0 ms.
[INFO]2025-03-2021:05:12.240[main]org.testng.internal.Utils1)-[Utils] MethodGroupsHelper.collectMethodsByGroup() took 0 ms.
[INFO]2025-03-2021:05:12.240[main]org.testng.internal.Utils1)-[Utils] MethodGroupsHelper.sortMethods() took 0 ms.
[INFO]2025-03-2021:05:12.241[main]org.testng.internal.Utils1)-[Utils] MethodGroupsHelper.collectMethodsByGroup() took 0 ms.
[INFO]2025-03-2021:05:12.241[main]org.testng.internal.Utils1)-[Utils] MethodGroupsHelper.sortMethods() took 0 ms.
[INFO]2025-03-2021:05:12.242[main]org.testng.internal.Utils1)-[Utils] MethodGroupsHelper.collectMethodsByGroup() took 0 ms.
[INFO]2025-03-2021:05:12.251[main]org.testng.internal.Utils1)-[Utils] MethodGroupsHelper.sortMethods() took 7 ms.
[INFO]2025-03-2021:05:12.253[main]org.testng.internal.Utils1)-[Utils] MethodGroupsHelper.collectMethodsByGroup() took 0 ms.
[INFO]2025-03-2021:05:12.254[main]org.testng.internal.Utils1)-[Utils] MethodGroupsHelper.sortMethods() took 1 ms.
[INFO]2025-03-2021:05:12.254[main]org.testng.internal.Utils1)-[Utils] MethodGroupsHelper.collectMethodsByGroup() took 0 ms.
[INFO]2025-03-2021:05:12.254[main]org.testng.internal.Utils1)-[Utils] MethodGroupsHelper.sortMethods() took 0 ms.
[INFO]2025-03-2021:05:12.255[main]org.testng.internal.Utils1)-[Utils] MethodGroupsHelper.collectMethodsByGroup() took 0 ms.
[INFO]2025-03-2021:05:12.255[main]org.testng.internal.Utils1)-[Utils] MethodGroupsHelper.sortMethods() took 0 ms.
[INFO]2025-03-2021:05:12.257[main]org.testng.internal.Utils1)-[Utils] MethodGroupsHelper.collectMethodsByGroup() took 0 ms.
[INFO]2025-03-2021:05:12.257[main]org.testng.internal.Utils1)-[Utils] MethodGroupsHelper.sortMethods() took 0 ms.
[INFO]2025-03-2021:05:12.257[main]org.testng.internal.Utils1)-[Utils] MethodGroupsHelper.collectMethodsByGroup() took 0 ms.
[INFO]2025-03-2021:05:12.257[main]org.testng.internal.Utils1)-[Utils] MethodGroupsHelper.sortMethods() took 0 ms.
[INFO]2025-03-2021:05:12.259[main]org.testng.internal.Utils1)-[Utils] MethodGroupsHelper.collectMethodsByGroup() took 0 ms.
[INFO]2025-03-2021:05:12.259[main]org.testng.internal.Utils1)-[Utils] MethodGroupsHelper.sortMethods() took 0 ms.
[INFO]2025-03-2021:05:12.259[main]org.testng.internal.Utils1)-[Utils] MethodGroupsHelper.collectMethodsByGroup() took 0 ms.
[INFO]2025-03-2021:05:12.260[main]org.testng.internal.Utils1)-[Utils] MethodGroupsHelper.sortMethods() took 0 ms.
[INFO]2025-03-2021:05:12.265[main]org.testng.internal.Utils1)-[Utils] MethodGroupsHelper.collectMethodsByGroup() took 4 ms.
[INFO]2025-03-2021:05:12.265[main]org.testng.internal.Utils1)-[Utils] MethodGroupsHelper.sortMethods() took 0 ms.
[INFO]2025-03-2021:05:12.267[main]org.testng.internal.Utils1)-[Utils] MethodGroupsHelper.collectMethodsByGroup() took 0 ms.
[INFO]2025-03-2021:05:12.267[main]org.testng.internal.Utils1)-[Utils] MethodGroupsHelper.sortMethods() took 0 ms.
[INFO]2025-03-2021:05:12.267[main]org.testng.internal.Utils1)-[Utils] MethodGroupsHelper.collectMethodsByGroup() took 0 ms.
[INFO]2025-03-2021:05:12.267[main]org.testng.internal.Utils1)-[Utils] MethodGroupsHelper.sortMethods() took 0 ms.
[INFO]2025-03-2021:05:12.274[main]org.testng.internal.Utils1)-[TestNG] Running:
  C:\Users\ashok\AppData\Local\Temp\testng-eclipse--641276770\testng-customsuite.xml

[INFO]2025-03-2021:05:12.297[main]org.testng.internal.Utils1)-[Utils] DynamicGraphHelper.createDynamicGraph() took 5 ms.
[INFO]2025-03-2021:07:31.650[main]org.testng.internal.Utils1)-[TestNG] Time taken by org.testng.reporters.jq.Main@747e0a31: 89 ms
[INFO]2025-03-2021:07:31.651[main]org.testng.internal.Utils1)-[TestNG] Time taken by org.testng.reporters.FailedReporter@60ee1a29: 1 ms
[INFO]2025-03-2021:07:31.673[main]org.testng.internal.Utils1)-[TestNG] Time taken by org.testng.reporters.XMLReporter@6005cfe5: 22 ms
[INFO]2025-03-2021:07:31.686[main]org.testng.internal.Utils1)-[TestNG] Time taken by org.testng.reporters.EmailableReporter2@627b5e5b: 11 ms
[INFO]2025-03-2021:07:31.696[main]org.testng.internal.Utils1)-[TestNG] Time taken by org.testng.reporters.JUnitReportReporter@4c02f50: 10 ms
[INFO]2025-03-2021:07:31.696[main]org.testng.internal.Utils1)-[TestNG] Time taken by org.testng.internal.ExitCodeListener@35852b6: 0 ms
[INFO]2025-03-2021:15:17.079[main]org.testng.internal.Utils1)-[Utils] MethodGroupsHelper.collectMethodsByGroup() took 0 ms.
[INFO]2025-03-2021:15:17.085[main]org.testng.internal.Utils1)-[Utils] MethodGroupsHelper.sortMethods() took 2 ms.
[INFO]2025-03-2021:15:17.087[main]org.testng.internal.Utils1)-[Utils] MethodGroupsHelper.collectMethodsByGroup() took 0 ms.
[INFO]2025-03-2021:15:17.089[main]org.testng.internal.Utils1)-[Utils] MethodGroupsHelper.sortMethods() took 0 ms.
[INFO]2025-03-2021:15:17.089[main]org.testng.internal.Utils1)-[Utils] MethodGroupsHelper.collectMethodsByGroup() took 0 ms.
[INFO]2025-03-2021:15:17.090[main]org.testng.internal.Utils1)-[Utils] MethodGroupsHelper.sortMethods() took 0 ms.
[INFO]2025-03-2021:15:17.090[main]org.testng.internal.Utils1)-[Utils] MethodGroupsHelper.collectMethodsByGroup() took 0 ms.
[INFO]2025-03-2021:15:17.090[main]org.testng.internal.Utils1)-[Utils] MethodGroupsHelper.sortMethods() took 0 ms.
[INFO]2025-03-2021:15:17.093[main]org.testng.internal.Utils1)-[Utils] MethodGroupsHelper.collectMethodsByGroup() took 1 ms.
[INFO]2025-03-2021:15:17.107[main]org.testng.internal.Utils1)-[Utils] MethodGroupsHelper.sortMethods() took 13 ms.
[INFO]2025-03-2021:15:17.109[main]org.testng.internal.Utils1)-[Utils] MethodGroupsHelper.collectMethodsByGroup() took 0 ms.
[INFO]2025-03-2021:15:17.110[main]org.testng.internal.Utils1)-[Utils] MethodGroupsHelper.sortMethods() took 0 ms.
[INFO]2025-03-2021:15:17.111[main]org.testng.internal.Utils1)-[Utils] MethodGroupsHelper.collectMethodsByGroup() took 0 ms.
[INFO]2025-03-2021:15:17.111[main]org.testng.internal.Utils1)-[Utils] MethodGroupsHelper.sortMethods() took 0 ms.
[INFO]2025-03-2021:15:17.112[main]org.testng.internal.Utils1)-[Utils] MethodGroupsHelper.collectMethodsByGroup() took 0 ms.
[INFO]2025-03-2021:15:17.112[main]org.testng.internal.Utils1)-[Utils] MethodGroupsHelper.sortMethods() took 0 ms.
[INFO]2025-03-2021:15:17.114[main]org.testng.internal.Utils1)-[Utils] MethodGroupsHelper.collectMethodsByGroup() took 0 ms.
[INFO]2025-03-2021:15:17.115[main]org.testng.internal.Utils1)-[Utils] MethodGroupsHelper.sortMethods() took 0 ms.
[INFO]2025-03-2021:15:17.115[main]org.testng.internal.Utils1)-[Utils] MethodGroupsHelper.collectMethodsByGroup() took 0 ms.
[INFO]2025-03-2021:15:17.116[main]org.testng.internal.Utils1)-[Utils] MethodGroupsHelper.sortMethods() took 0 ms.
[INFO]2025-03-2021:15:17.119[main]org.testng.internal.Utils1)-[Utils] MethodGroupsHelper.collectMethodsByGroup() took 0 ms.
[INFO]2025-03-2021:15:17.120[main]org.testng.internal.Utils1)-[Utils] MethodGroupsHelper.sortMethods() took 0 ms.
[INFO]2025-03-2021:15:17.120[main]org.testng.internal.Utils1)-[Utils] MethodGroupsHelper.collectMethodsByGroup() took 0 ms.
[INFO]2025-03-2021:15:17.120[main]org.testng.internal.Utils1)-[Utils] MethodGroupsHelper.sortMethods() took 0 ms.
[INFO]2025-03-2021:15:17.128[main]org.testng.internal.Utils1)-[Utils] MethodGroupsHelper.collectMethodsByGroup() took 6 ms.
[INFO]2025-03-2021:15:17.129[main]org.testng.internal.Utils1)-[Utils] MethodGroupsHelper.sortMethods() took 0 ms.
[INFO]2025-03-2021:15:17.131[main]org.testng.internal.Utils1)-[Utils] MethodGroupsHelper.collectMethodsByGroup() took 0 ms.
[INFO]2025-03-2021:15:17.131[main]org.testng.internal.Utils1)-[Utils] MethodGroupsHelper.sortMethods() took 0 ms.
[INFO]2025-03-2021:15:17.131[main]org.testng.internal.Utils1)-[Utils] MethodGroupsHelper.collectMethodsByGroup() took 0 ms.
[INFO]2025-03-2021:15:17.132[main]org.testng.internal.Utils1)-[Utils] MethodGroupsHelper.sortMethods() took 0 ms.
[INFO]2025-03-2021:15:17.141[main]org.testng.internal.Utils1)-[TestNG] Running:
  C:\Users\ashok\AppData\Local\Temp\testng-eclipse-1483580847\testng-customsuite.xml

[INFO]2025-03-2021:15:17.161[main]org.testng.internal.Utils1)-[Utils] DynamicGraphHelper.createDynamicGraph() took 4 ms.
[INFO]2025-03-2021:17:50.384[main]org.testng.internal.Utils1)-[Utils] MethodGroupsHelper.collectMethodsByGroup() took 0 ms.
[INFO]2025-03-2021:17:50.392[main]org.testng.internal.Utils1)-[Utils] MethodGroupsHelper.sortMethods() took 1 ms.
[INFO]2025-03-2021:17:50.394[main]org.testng.internal.Utils1)-[Utils] MethodGroupsHelper.collectMethodsByGroup() took 0 ms.
[INFO]2025-03-2021:17:50.395[main]org.testng.internal.Utils1)-[Utils] MethodGroupsHelper.sortMethods() took 0 ms.
[INFO]2025-03-2021:17:50.396[main]org.testng.internal.Utils1)-[Utils] MethodGroupsHelper.collectMethodsByGroup() took 0 ms.
[INFO]2025-03-2021:17:50.396[main]org.testng.internal.Utils1)-[Utils] MethodGroupsHelper.sortMethods() took 0 ms.
[INFO]2025-03-2021:17:50.396[main]org.testng.internal.Utils1)-[Utils] MethodGroupsHelper.collectMethodsByGroup() took 0 ms.
[INFO]2025-03-2021:17:50.396[main]org.testng.internal.Utils1)-[Utils] MethodGroupsHelper.sortMethods() took 0 ms.
[INFO]2025-03-2021:17:50.399[main]org.testng.internal.Utils1)-[Utils] MethodGroupsHelper.collectMethodsByGroup() took 0 ms.
[INFO]2025-03-2021:17:50.408[main]org.testng.internal.Utils1)-[Utils] MethodGroupsHelper.sortMethods() took 8 ms.
[INFO]2025-03-2021:17:50.410[main]org.testng.internal.Utils1)-[Utils] MethodGroupsHelper.collectMethodsByGroup() took 0 ms.
[INFO]2025-03-2021:17:50.410[main]org.testng.internal.Utils1)-[Utils] MethodGroupsHelper.sortMethods() took 0 ms.
[INFO]2025-03-2021:17:50.411[main]org.testng.internal.Utils1)-[Utils] MethodGroupsHelper.collectMethodsByGroup() took 0 ms.
[INFO]2025-03-2021:17:50.411[main]org.testng.internal.Utils1)-[Utils] MethodGroupsHelper.sortMethods() took 0 ms.
[INFO]2025-03-2021:17:50.411[main]org.testng.internal.Utils1)-[Utils] MethodGroupsHelper.collectMethodsByGroup() took 0 ms.
[INFO]2025-03-2021:17:50.411[main]org.testng.internal.Utils1)-[Utils] MethodGroupsHelper.sortMethods() took 0 ms.
[INFO]2025-03-2021:17:50.414[main]org.testng.internal.Utils1)-[Utils] MethodGroupsHelper.collectMethodsByGroup() took 0 ms.
[INFO]2025-03-2021:17:50.414[main]org.testng.internal.Utils1)-[Utils] MethodGroupsHelper.sortMethods() took 0 ms.
[INFO]2025-03-2021:17:50.414[main]org.testng.internal.Utils1)-[Utils] MethodGroupsHelper.collectMethodsByGroup() took 0 ms.
[INFO]2025-03-2021:17:50.415[main]org.testng.internal.Utils1)-[Utils] MethodGroupsHelper.sortMethods() took 0 ms.
[INFO]2025-03-2021:17:50.416[main]org.testng.internal.Utils1)-[Utils] MethodGroupsHelper.collectMethodsByGroup() took 0 ms.
[INFO]2025-03-2021:17:50.417[main]org.testng.internal.Utils1)-[Utils] MethodGroupsHelper.sortMethods() took 0 ms.
[INFO]2025-03-2021:17:50.417[main]org.testng.internal.Utils1)-[Utils] MethodGroupsHelper.collectMethodsByGroup() took 0 ms.
[INFO]2025-03-2021:17:50.417[main]org.testng.internal.Utils1)-[Utils] MethodGroupsHelper.sortMethods() took 0 ms.
[INFO]2025-03-2021:17:50.425[main]org.testng.internal.Utils1)-[Utils] MethodGroupsHelper.collectMethodsByGroup() took 5 ms.
[INFO]2025-03-2021:17:50.425[main]org.testng.internal.Utils1)-[Utils] MethodGroupsHelper.sortMethods() took 0 ms.
[INFO]2025-03-2021:17:50.427[main]org.testng.internal.Utils1)-[Utils] MethodGroupsHelper.collectMethodsByGroup() took 0 ms.
[INFO]2025-03-2021:17:50.427[main]org.testng.internal.Utils1)-[Utils] MethodGroupsHelper.sortMethods() took 0 ms.
[INFO]2025-03-2021:17:50.427[main]org.testng.internal.Utils1)-[Utils] MethodGroupsHelper.collectMethodsByGroup() took 0 ms.
[INFO]2025-03-2021:17:50.427[main]org.testng.internal.Utils1)-[Utils] MethodGroupsHelper.sortMethods() took 0 ms.
[INFO]2025-03-2021:17:50.434[main]org.testng.internal.Utils1)-[TestNG] Running:
  C:\Users\ashok\AppData\Local\Temp\testng-eclipse-1807401503\testng-customsuite.xml

[INFO]2025-03-2021:17:50.454[main]org.testng.internal.Utils1)-[Utils] DynamicGraphHelper.createDynamicGraph() took 5 ms.
[WARN]2025-03-2021:17:50.540[main]org.testng.internal.Utils1)-The test method 'io.cucumber.testng.AbstractTestNGCucumberTests.runScenario' will be skipped since its data provider 'scenarios' returned an empty array or iterator. 
[INFO]2025-03-2021:17:50.690[main]org.testng.internal.Utils1)-[TestNG] Time taken by org.testng.reporters.jq.Main@319988b0: 94 ms
[INFO]2025-03-2021:17:50.691[main]org.testng.internal.Utils1)-[TestNG] Time taken by org.testng.reporters.FailedReporter@d5ae57e: 1 ms
[INFO]2025-03-2021:17:50.709[main]org.testng.internal.Utils1)-[TestNG] Time taken by org.testng.reporters.XMLReporter@36b0fcd5: 18 ms
[INFO]2025-03-2021:17:50.718[main]org.testng.internal.Utils1)-[TestNG] Time taken by org.testng.reporters.EmailableReporter2@119f1f2a: 8 ms
[INFO]2025-03-2021:17:50.733[main]org.testng.internal.Utils1)-[TestNG] Time taken by org.testng.reporters.JUnitReportReporter@3f2ef586: 13 ms
[INFO]2025-03-2021:17:50.733[main]org.testng.internal.Utils1)-[TestNG] Time taken by org.testng.internal.ExitCodeListener@751d3241: 0 ms
[INFO]2025-03-2021:19:09.332[main]org.testng.internal.Utils1)-[Utils] MethodGroupsHelper.collectMethodsByGroup() took 0 ms.
[INFO]2025-03-2021:19:09.337[main]org.testng.internal.Utils1)-[Utils] MethodGroupsHelper.sortMethods() took 1 ms.
[INFO]2025-03-2021:19:09.339[main]org.testng.internal.Utils1)-[Utils] MethodGroupsHelper.collectMethodsByGroup() took 0 ms.
[INFO]2025-03-2021:19:09.339[main]org.testng.internal.Utils1)-[Utils] MethodGroupsHelper.sortMethods() took 0 ms.
[INFO]2025-03-2021:19:09.339[main]org.testng.internal.Utils1)-[Utils] MethodGroupsHelper.collectMethodsByGroup() took 0 ms.
[INFO]2025-03-2021:19:09.339[main]org.testng.internal.Utils1)-[Utils] MethodGroupsHelper.sortMethods() took 0 ms.
[INFO]2025-03-2021:19:09.341[main]org.testng.internal.Utils1)-[Utils] MethodGroupsHelper.collectMethodsByGroup() took 0 ms.
[INFO]2025-03-2021:19:09.341[main]org.testng.internal.Utils1)-[Utils] MethodGroupsHelper.sortMethods() took 0 ms.
[INFO]2025-03-2021:19:09.342[main]org.testng.internal.Utils1)-[Utils] MethodGroupsHelper.collectMethodsByGroup() took 0 ms.
[INFO]2025-03-2021:19:09.353[main]org.testng.internal.Utils1)-[Utils] MethodGroupsHelper.sortMethods() took 11 ms.
[INFO]2025-03-2021:19:09.354[main]org.testng.internal.Utils1)-[Utils] MethodGroupsHelper.collectMethodsByGroup() took 0 ms.
[INFO]2025-03-2021:19:09.354[main]org.testng.internal.Utils1)-[Utils] MethodGroupsHelper.sortMethods() took 0 ms.
[INFO]2025-03-2021:19:09.355[main]org.testng.internal.Utils1)-[Utils] MethodGroupsHelper.collectMethodsByGroup() took 0 ms.
[INFO]2025-03-2021:19:09.355[main]org.testng.internal.Utils1)-[Utils] MethodGroupsHelper.sortMethods() took 0 ms.
[INFO]2025-03-2021:19:09.356[main]org.testng.internal.Utils1)-[Utils] MethodGroupsHelper.collectMethodsByGroup() took 0 ms.
[INFO]2025-03-2021:19:09.356[main]org.testng.internal.Utils1)-[Utils] MethodGroupsHelper.sortMethods() took 0 ms.
[INFO]2025-03-2021:19:09.358[main]org.testng.internal.Utils1)-[Utils] MethodGroupsHelper.collectMethodsByGroup() took 0 ms.
[INFO]2025-03-2021:19:09.358[main]org.testng.internal.Utils1)-[Utils] MethodGroupsHelper.sortMethods() took 0 ms.
[INFO]2025-03-2021:19:09.359[main]org.testng.internal.Utils1)-[Utils] MethodGroupsHelper.collectMethodsByGroup() took 0 ms.
[INFO]2025-03-2021:19:09.359[main]org.testng.internal.Utils1)-[Utils] MethodGroupsHelper.sortMethods() took 0 ms.
[INFO]2025-03-2021:19:09.362[main]org.testng.internal.Utils1)-[Utils] MethodGroupsHelper.collectMethodsByGroup() took 0 ms.
[INFO]2025-03-2021:19:09.363[main]org.testng.internal.Utils1)-[Utils] MethodGroupsHelper.sortMethods() took 1 ms.
[INFO]2025-03-2021:19:09.363[main]org.testng.internal.Utils1)-[Utils] MethodGroupsHelper.collectMethodsByGroup() took 0 ms.
[INFO]2025-03-2021:19:09.363[main]org.testng.internal.Utils1)-[Utils] MethodGroupsHelper.sortMethods() took 0 ms.
[INFO]2025-03-2021:19:09.369[main]org.testng.internal.Utils1)-[Utils] MethodGroupsHelper.collectMethodsByGroup() took 5 ms.
[INFO]2025-03-2021:19:09.370[main]org.testng.internal.Utils1)-[Utils] MethodGroupsHelper.sortMethods() took 0 ms.
[INFO]2025-03-2021:19:09.371[main]org.testng.internal.Utils1)-[Utils] MethodGroupsHelper.collectMethodsByGroup() took 0 ms.
[INFO]2025-03-2021:19:09.371[main]org.testng.internal.Utils1)-[Utils] MethodGroupsHelper.sortMethods() took 0 ms.
[INFO]2025-03-2021:19:09.371[main]org.testng.internal.Utils1)-[Utils] MethodGroupsHelper.collectMethodsByGroup() took 0 ms.
[INFO]2025-03-2021:19:09.371[main]org.testng.internal.Utils1)-[Utils] MethodGroupsHelper.sortMethods() took 0 ms.
[INFO]2025-03-2021:19:09.378[main]org.testng.internal.Utils1)-[TestNG] Running:
  C:\Users\ashok\AppData\Local\Temp\testng-eclipse--102047636\testng-customsuite.xml

[INFO]2025-03-2021:19:09.399[main]org.testng.internal.Utils1)-[Utils] DynamicGraphHelper.createDynamicGraph() took 5 ms.
[WARN]2025-03-2021:19:09.480[main]org.testng.internal.Utils1)-The test method 'io.cucumber.testng.AbstractTestNGCucumberTests.runScenario' will be skipped since its data provider 'scenarios' returned an empty array or iterator. 
[INFO]2025-03-2021:19:09.614[main]org.testng.internal.Utils1)-[TestNG] Time taken by org.testng.reporters.jq.Main@28b576a9: 80 ms
[INFO]2025-03-2021:19:09.615[main]org.testng.internal.Utils1)-[TestNG] Time taken by org.testng.reporters.FailedReporter@7cf7aee: 1 ms
[INFO]2025-03-2021:19:09.627[main]org.testng.internal.Utils1)-[TestNG] Time taken by org.testng.reporters.XMLReporter@584f5497: 12 ms
[INFO]2025-03-2021:19:09.636[main]org.testng.internal.Utils1)-[TestNG] Time taken by org.testng.reporters.EmailableReporter2@27f3b6d6: 9 ms
[INFO]2025-03-2021:19:09.651[main]org.testng.internal.Utils1)-[TestNG] Time taken by org.testng.reporters.JUnitReportReporter@a53bb6f: 15 ms
[INFO]2025-03-2021:19:09.652[main]org.testng.internal.Utils1)-[TestNG] Time taken by org.testng.internal.ExitCodeListener@5e63cad: 0 ms
[INFO]2025-03-2021:20:05.397[main]org.testng.internal.Utils1)-[Utils] MethodGroupsHelper.collectMethodsByGroup() took 1 ms.
[INFO]2025-03-2021:20:05.402[main]org.testng.internal.Utils1)-[Utils] MethodGroupsHelper.sortMethods() took 1 ms.
[INFO]2025-03-2021:20:05.403[main]org.testng.internal.Utils1)-[Utils] MethodGroupsHelper.collectMethodsByGroup() took 0 ms.
[INFO]2025-03-2021:20:05.403[main]org.testng.internal.Utils1)-[Utils] MethodGroupsHelper.sortMethods() took 0 ms.
[INFO]2025-03-2021:20:05.404[main]org.testng.internal.Utils1)-[Utils] MethodGroupsHelper.collectMethodsByGroup() took 0 ms.
[INFO]2025-03-2021:20:05.404[main]org.testng.internal.Utils1)-[Utils] MethodGroupsHelper.sortMethods() took 0 ms.
[INFO]2025-03-2021:20:05.404[main]org.testng.internal.Utils1)-[Utils] MethodGroupsHelper.collectMethodsByGroup() took 0 ms.
[INFO]2025-03-2021:20:05.404[main]org.testng.internal.Utils1)-[Utils] MethodGroupsHelper.sortMethods() took 0 ms.
[INFO]2025-03-2021:20:05.407[main]org.testng.internal.Utils1)-[Utils] MethodGroupsHelper.collectMethodsByGroup() took 1 ms.
[INFO]2025-03-2021:20:05.415[main]org.testng.internal.Utils1)-[Utils] MethodGroupsHelper.sortMethods() took 7 ms.
[INFO]2025-03-2021:20:05.416[main]org.testng.internal.Utils1)-[Utils] MethodGroupsHelper.collectMethodsByGroup() took 0 ms.
[INFO]2025-03-2021:20:05.417[main]org.testng.internal.Utils1)-[Utils] MethodGroupsHelper.sortMethods() took 1 ms.
[INFO]2025-03-2021:20:05.417[main]org.testng.internal.Utils1)-[Utils] MethodGroupsHelper.collectMethodsByGroup() took 0 ms.
[INFO]2025-03-2021:20:05.417[main]org.testng.internal.Utils1)-[Utils] MethodGroupsHelper.sortMethods() took 0 ms.
[INFO]2025-03-2021:20:05.418[main]org.testng.internal.Utils1)-[Utils] MethodGroupsHelper.collectMethodsByGroup() took 0 ms.
[INFO]2025-03-2021:20:05.418[main]org.testng.internal.Utils1)-[Utils] MethodGroupsHelper.sortMethods() took 0 ms.
[INFO]2025-03-2021:20:05.420[main]org.testng.internal.Utils1)-[Utils] MethodGroupsHelper.collectMethodsByGroup() took 0 ms.
[INFO]2025-03-2021:20:05.420[main]org.testng.internal.Utils1)-[Utils] MethodGroupsHelper.sortMethods() took 0 ms.
[INFO]2025-03-2021:20:05.422[main]org.testng.internal.Utils1)-[Utils] MethodGroupsHelper.collectMethodsByGroup() took 0 ms.
[INFO]2025-03-2021:20:05.422[main]org.testng.internal.Utils1)-[Utils] MethodGroupsHelper.sortMethods() took 0 ms.
[INFO]2025-03-2021:20:05.424[main]org.testng.internal.Utils1)-[Utils] MethodGroupsHelper.collectMethodsByGroup() took 0 ms.
[INFO]2025-03-2021:20:05.424[main]org.testng.internal.Utils1)-[Utils] MethodGroupsHelper.sortMethods() took 0 ms.
[INFO]2025-03-2021:20:05.424[main]org.testng.internal.Utils1)-[Utils] MethodGroupsHelper.collectMethodsByGroup() took 0 ms.
[INFO]2025-03-2021:20:05.425[main]org.testng.internal.Utils1)-[Utils] MethodGroupsHelper.sortMethods() took 0 ms.
[INFO]2025-03-2021:20:05.431[main]org.testng.internal.Utils1)-[Utils] MethodGroupsHelper.collectMethodsByGroup() took 6 ms.
[INFO]2025-03-2021:20:05.432[main]org.testng.internal.Utils1)-[Utils] MethodGroupsHelper.sortMethods() took 0 ms.
[INFO]2025-03-2021:20:05.435[main]org.testng.internal.Utils1)-[Utils] MethodGroupsHelper.collectMethodsByGroup() took 0 ms.
[INFO]2025-03-2021:20:05.435[main]org.testng.internal.Utils1)-[Utils] MethodGroupsHelper.sortMethods() took 0 ms.
[INFO]2025-03-2021:20:05.435[main]org.testng.internal.Utils1)-[Utils] MethodGroupsHelper.collectMethodsByGroup() took 0 ms.
[INFO]2025-03-2021:20:05.435[main]org.testng.internal.Utils1)-[Utils] MethodGroupsHelper.sortMethods() took 0 ms.
[INFO]2025-03-2021:20:05.443[main]org.testng.internal.Utils1)-[TestNG] Running:
  C:\Users\ashok\AppData\Local\Temp\testng-eclipse--654085687\testng-customsuite.xml

[INFO]2025-03-2021:20:05.463[main]org.testng.internal.Utils1)-[Utils] DynamicGraphHelper.createDynamicGraph() took 5 ms.
[INFO]2025-03-2022:05:49.044[main]org.testng.internal.Utils1)-[Utils] MethodGroupsHelper.collectMethodsByGroup() took 1 ms.
[INFO]2025-03-2022:05:49.050[main]org.testng.internal.Utils1)-[Utils] MethodGroupsHelper.sortMethods() took 1 ms.
[INFO]2025-03-2022:05:49.052[main]org.testng.internal.Utils1)-[Utils] MethodGroupsHelper.collectMethodsByGroup() took 0 ms.
[INFO]2025-03-2022:05:49.053[main]org.testng.internal.Utils1)-[Utils] MethodGroupsHelper.sortMethods() took 0 ms.
[INFO]2025-03-2022:05:49.053[main]org.testng.internal.Utils1)-[Utils] MethodGroupsHelper.collectMethodsByGroup() took 0 ms.
[INFO]2025-03-2022:05:49.053[main]org.testng.internal.Utils1)-[Utils] MethodGroupsHelper.sortMethods() took 0 ms.
[INFO]2025-03-2022:05:49.054[main]org.testng.internal.Utils1)-[Utils] MethodGroupsHelper.collectMethodsByGroup() took 0 ms.
[INFO]2025-03-2022:05:49.054[main]org.testng.internal.Utils1)-[Utils] MethodGroupsHelper.sortMethods() took 0 ms.
[INFO]2025-03-2022:05:49.057[main]org.testng.internal.Utils1)-[Utils] MethodGroupsHelper.collectMethodsByGroup() took 0 ms.
[INFO]2025-03-2022:05:49.067[main]org.testng.internal.Utils1)-[Utils] MethodGroupsHelper.sortMethods() took 9 ms.
[INFO]2025-03-2022:05:49.070[main]org.testng.internal.Utils1)-[Utils] MethodGroupsHelper.collectMethodsByGroup() took 0 ms.
[INFO]2025-03-2022:05:49.071[main]org.testng.internal.Utils1)-[Utils] MethodGroupsHelper.sortMethods() took 1 ms.
[INFO]2025-03-2022:05:49.072[main]org.testng.internal.Utils1)-[Utils] MethodGroupsHelper.collectMethodsByGroup() took 0 ms.
[INFO]2025-03-2022:05:49.072[main]org.testng.internal.Utils1)-[Utils] MethodGroupsHelper.sortMethods() took 0 ms.
[INFO]2025-03-2022:05:49.073[main]org.testng.internal.Utils1)-[Utils] MethodGroupsHelper.collectMethodsByGroup() took 0 ms.
[INFO]2025-03-2022:05:49.073[main]org.testng.internal.Utils1)-[Utils] MethodGroupsHelper.sortMethods() took 0 ms.
[INFO]2025-03-2022:05:49.076[main]org.testng.internal.Utils1)-[Utils] MethodGroupsHelper.collectMethodsByGroup() took 0 ms.
[INFO]2025-03-2022:05:49.076[main]org.testng.internal.Utils1)-[Utils] MethodGroupsHelper.sortMethods() took 0 ms.
[INFO]2025-03-2022:05:49.077[main]org.testng.internal.Utils1)-[Utils] MethodGroupsHelper.collectMethodsByGroup() took 0 ms.
[INFO]2025-03-2022:05:49.077[main]org.testng.internal.Utils1)-[Utils] MethodGroupsHelper.sortMethods() took 0 ms.
[INFO]2025-03-2022:05:49.080[main]org.testng.internal.Utils1)-[Utils] MethodGroupsHelper.collectMethodsByGroup() took 0 ms.
[INFO]2025-03-2022:05:49.081[main]org.testng.internal.Utils1)-[Utils] MethodGroupsHelper.sortMethods() took 0 ms.
[INFO]2025-03-2022:05:49.081[main]org.testng.internal.Utils1)-[Utils] MethodGroupsHelper.collectMethodsByGroup() took 0 ms.
[INFO]2025-03-2022:05:49.081[main]org.testng.internal.Utils1)-[Utils] MethodGroupsHelper.sortMethods() took 0 ms.
[INFO]2025-03-2022:05:49.088[main]org.testng.internal.Utils1)-[Utils] MethodGroupsHelper.collectMethodsByGroup() took 6 ms.
[INFO]2025-03-2022:05:49.088[main]org.testng.internal.Utils1)-[Utils] MethodGroupsHelper.sortMethods() took 0 ms.
[INFO]2025-03-2022:05:49.090[main]org.testng.internal.Utils1)-[Utils] MethodGroupsHelper.collectMethodsByGroup() took 0 ms.
[INFO]2025-03-2022:05:49.090[main]org.testng.internal.Utils1)-[Utils] MethodGroupsHelper.sortMethods() took 0 ms.
[INFO]2025-03-2022:05:49.090[main]org.testng.internal.Utils1)-[Utils] MethodGroupsHelper.collectMethodsByGroup() took 0 ms.
[INFO]2025-03-2022:05:49.090[main]org.testng.internal.Utils1)-[Utils] MethodGroupsHelper.sortMethods() took 0 ms.
[INFO]2025-03-2022:05:49.099[main]org.testng.internal.Utils1)-[TestNG] Running:
  C:\Users\ashok\AppData\Local\Temp\testng-eclipse--80937582\testng-customsuite.xml

[INFO]2025-03-2022:05:49.133[main]org.testng.internal.Utils1)-[Utils] DynamicGraphHelper.createDynamicGraph() took 8 ms.
[INFO]2025-03-2022:16:39.023[main]org.testng.internal.Utils1)-[Utils] MethodGroupsHelper.collectMethodsByGroup() took 1 ms.
[INFO]2025-03-2022:16:39.037[main]org.testng.internal.Utils1)-[Utils] MethodGroupsHelper.sortMethods() took 3 ms.
[INFO]2025-03-2022:16:39.044[main]org.testng.internal.Utils1)-[Utils] MethodGroupsHelper.collectMethodsByGroup() took 0 ms.
[INFO]2025-03-2022:16:39.045[main]org.testng.internal.Utils1)-[Utils] MethodGroupsHelper.sortMethods() took 0 ms.
[INFO]2025-03-2022:16:39.048[main]org.testng.internal.Utils1)-[Utils] MethodGroupsHelper.collectMethodsByGroup() took 0 ms.
[INFO]2025-03-2022:16:39.048[main]org.testng.internal.Utils1)-[Utils] MethodGroupsHelper.sortMethods() took 0 ms.
[INFO]2025-03-2022:16:39.053[main]org.testng.internal.Utils1)-[Utils] MethodGroupsHelper.collectMethodsByGroup() took 0 ms.
[INFO]2025-03-2022:16:39.053[main]org.testng.internal.Utils1)-[Utils] MethodGroupsHelper.sortMethods() took 0 ms.
[INFO]2025-03-2022:16:39.058[main]org.testng.internal.Utils1)-[Utils] MethodGroupsHelper.collectMethodsByGroup() took 0 ms.
[INFO]2025-03-2022:16:39.084[main]org.testng.internal.Utils1)-[Utils] MethodGroupsHelper.sortMethods() took 24 ms.
[INFO]2025-03-2022:16:39.077[main]org.testng.internal.Utils1)-[Utils] MethodGroupsHelper.collectMethodsByGroup() took 3 ms.
[INFO]2025-03-2022:16:39.087[main]org.testng.internal.Utils1)-[Utils] MethodGroupsHelper.collectMethodsByGroup() took 0 ms.
[INFO]2025-03-2022:16:39.089[main]org.testng.internal.Utils1)-[Utils] MethodGroupsHelper.sortMethods() took 0 ms.
[INFO]2025-03-2022:16:39.091[main]org.testng.internal.Utils1)-[Utils] MethodGroupsHelper.collectMethodsByGroup() took 0 ms.
[INFO]2025-03-2022:16:39.092[main]org.testng.internal.Utils1)-[Utils] MethodGroupsHelper.sortMethods() took 0 ms.
[INFO]2025-03-2022:16:39.093[main]org.testng.internal.Utils1)-[Utils] MethodGroupsHelper.collectMethodsByGroup() took 0 ms.
[INFO]2025-03-2022:16:39.093[main]org.testng.internal.Utils1)-[Utils] MethodGroupsHelper.sortMethods() took 0 ms.
[INFO]2025-03-2022:16:39.093[main]org.testng.internal.Utils1)-[Utils] MethodGroupsHelper.sortMethods() took 3 ms.
[INFO]2025-03-2022:16:39.098[main]org.testng.internal.Utils1)-[Utils] MethodGroupsHelper.collectMethodsByGroup() took 0 ms.
[INFO]2025-03-2022:16:39.099[main]org.testng.internal.Utils1)-[Utils] MethodGroupsHelper.sortMethods() took 0 ms.
[INFO]2025-03-2022:16:39.101[main]org.testng.internal.Utils1)-[Utils] MethodGroupsHelper.collectMethodsByGroup() took 0 ms.
[INFO]2025-03-2022:16:39.101[main]org.testng.internal.Utils1)-[Utils] MethodGroupsHelper.sortMethods() took 0 ms.
[INFO]2025-03-2022:16:39.102[main]org.testng.internal.Utils1)-[Utils] MethodGroupsHelper.collectMethodsByGroup() took 0 ms.
[INFO]2025-03-2022:16:39.104[main]org.testng.internal.Utils1)-[Utils] MethodGroupsHelper.sortMethods() took 0 ms.
[INFO]2025-03-2022:16:39.105[main]org.testng.internal.Utils1)-[Utils] MethodGroupsHelper.collectMethodsByGroup() took 0 ms.
[INFO]2025-03-2022:16:39.105[main]org.testng.internal.Utils1)-[Utils] MethodGroupsHelper.sortMethods() took 0 ms.
[INFO]2025-03-2022:16:39.108[main]org.testng.internal.Utils1)-[Utils] MethodGroupsHelper.collectMethodsByGroup() took 0 ms.
[INFO]2025-03-2022:16:39.108[main]org.testng.internal.Utils1)-[Utils] MethodGroupsHelper.sortMethods() took 0 ms.
[INFO]2025-03-2022:16:39.109[main]org.testng.internal.Utils1)-[Utils] MethodGroupsHelper.collectMethodsByGroup() took 0 ms.
[INFO]2025-03-2022:16:39.110[main]org.testng.internal.Utils1)-[Utils] MethodGroupsHelper.sortMethods() took 0 ms.
[INFO]2025-03-2022:16:39.112[main]org.testng.internal.Utils1)-[Utils] MethodGroupsHelper.collectMethodsByGroup() took 0 ms.
[INFO]2025-03-2022:16:39.113[main]org.testng.internal.Utils1)-[Utils] MethodGroupsHelper.sortMethods() took 0 ms.
[INFO]2025-03-2022:16:39.114[main]org.testng.internal.Utils1)-[Utils] MethodGroupsHelper.collectMethodsByGroup() took 2 ms.
[INFO]2025-03-2022:16:39.135[main]org.testng.internal.Utils1)-[Utils] MethodGroupsHelper.collectMethodsByGroup() took 20 ms.
[INFO]2025-03-2022:16:39.137[main]org.testng.internal.Utils1)-[Utils] MethodGroupsHelper.sortMethods() took 0 ms.
[INFO]2025-03-2022:16:39.140[main]org.testng.internal.Utils1)-[Utils] MethodGroupsHelper.collectMethodsByGroup() took 0 ms.
[INFO]2025-03-2022:16:39.141[main]org.testng.internal.Utils1)-[Utils] MethodGroupsHelper.sortMethods() took 0 ms.
[INFO]2025-03-2022:16:39.141[main]org.testng.internal.Utils1)-[Utils] MethodGroupsHelper.sortMethods() took 27 ms.
[INFO]2025-03-2022:16:39.141[main]org.testng.internal.Utils1)-[Utils] MethodGroupsHelper.collectMethodsByGroup() took 0 ms.
[INFO]2025-03-2022:16:39.141[main]org.testng.internal.Utils1)-[Utils] MethodGroupsHelper.sortMethods() took 0 ms.
[INFO]2025-03-2022:16:39.144[main]org.testng.internal.Utils1)-[Utils] MethodGroupsHelper.collectMethodsByGroup() took 0 ms.
[INFO]2025-03-2022:16:39.146[main]org.testng.internal.Utils1)-[Utils] MethodGroupsHelper.sortMethods() took 1 ms.
[INFO]2025-03-2022:16:39.148[main]org.testng.internal.Utils1)-[Utils] MethodGroupsHelper.collectMethodsByGroup() took 0 ms.
[INFO]2025-03-2022:16:39.149[main]org.testng.internal.Utils1)-[Utils] MethodGroupsHelper.sortMethods() took 0 ms.
[INFO]2025-03-2022:16:39.153[main]org.testng.internal.Utils1)-[Utils] MethodGroupsHelper.collectMethodsByGroup() took 0 ms.
[INFO]2025-03-2022:16:39.154[main]org.testng.internal.Utils1)-[Utils] MethodGroupsHelper.sortMethods() took 0 ms.
[INFO]2025-03-2022:16:39.159[main]org.testng.internal.Utils1)-[Utils] MethodGroupsHelper.collectMethodsByGroup() took 0 ms.
[INFO]2025-03-2022:16:39.160[main]org.testng.internal.Utils1)-[Utils] MethodGroupsHelper.sortMethods() took 0 ms.
[INFO]2025-03-2022:16:39.161[main]org.testng.internal.Utils1)-[Utils] MethodGroupsHelper.collectMethodsByGroup() took 0 ms.
[INFO]2025-03-2022:16:39.161[main]org.testng.internal.Utils1)-[Utils] MethodGroupsHelper.sortMethods() took 0 ms.
[INFO]2025-03-2022:16:39.168[main]org.testng.internal.Utils1)-[TestNG] Running:
  C:\Users\ashok\AppData\Local\Temp\testng-eclipse-1688043151\testng-customsuite.xml

[INFO]2025-03-2022:16:39.169[main]org.testng.internal.Utils1)-[Utils] MethodGroupsHelper.collectMethodsByGroup() took 0 ms.
[INFO]2025-03-2022:16:39.169[main]org.testng.internal.Utils1)-[Utils] MethodGroupsHelper.sortMethods() took 0 ms.
[INFO]2025-03-2022:16:39.169[main]org.testng.internal.Utils1)-[Utils] MethodGroupsHelper.collectMethodsByGroup() took 0 ms.
[INFO]2025-03-2022:16:39.170[main]org.testng.internal.Utils1)-[Utils] MethodGroupsHelper.sortMethods() took 1 ms.
[INFO]2025-03-2022:16:39.183[main]org.testng.internal.Utils1)-[Utils] MethodGroupsHelper.collectMethodsByGroup() took 11 ms.
[INFO]2025-03-2022:16:39.184[main]org.testng.internal.Utils1)-[Utils] MethodGroupsHelper.sortMethods() took 1 ms.
[INFO]2025-03-2022:16:39.188[main]org.testng.internal.Utils1)-[Utils] MethodGroupsHelper.collectMethodsByGroup() took 0 ms.
[INFO]2025-03-2022:16:39.189[main]org.testng.internal.Utils1)-[Utils] MethodGroupsHelper.sortMethods() took 0 ms.
[INFO]2025-03-2022:16:39.189[main]org.testng.internal.Utils1)-[Utils] MethodGroupsHelper.collectMethodsByGroup() took 0 ms.
[INFO]2025-03-2022:16:39.190[main]org.testng.internal.Utils1)-[Utils] MethodGroupsHelper.sortMethods() took 0 ms.
[INFO]2025-03-2022:16:39.211[main]org.testng.internal.Utils1)-[TestNG] Running:
  C:\Users\ashok\AppData\Local\Temp\testng-eclipse-1616479855\testng-customsuite.xml

[INFO]2025-03-2022:16:39.216[main]org.testng.internal.Utils1)-[Utils] DynamicGraphHelper.createDynamicGraph() took 12 ms.
[INFO]2025-03-2022:16:39.283[main]org.testng.internal.Utils1)-[Utils] DynamicGraphHelper.createDynamicGraph() took 18 ms.
