[INFO ]2025-03-1810:49:46.528[main]org.testng.internal.Utils1)-[Utils] MethodGroupsHelper.collectMethodsByGroup() took 0 ms.
[INFO ]2025-03-1810:49:46.533[main]org.testng.internal.Utils1)-[Utils] MethodGroupsHelper.sortMethods() took 2 ms.
[INFO ]2025-03-1810:49:46.535[main]org.testng.internal.Utils1)-[Utils] MethodGroupsHelper.collectMethodsByGroup() took 0 ms.
[INFO ]2025-03-1810:49:46.536[main]org.testng.internal.Utils1)-[Utils] MethodGroupsHelper.sortMethods() took 0 ms.
[INFO ]2025-03-1810:49:46.536[main]org.testng.internal.Utils1)-[Utils] MethodGroupsHelper.collectMethodsByGroup() took 0 ms.
[INFO ]2025-03-1810:49:46.537[main]org.testng.internal.Utils1)-[Utils] MethodGroupsHelper.sortMethods() took 0 ms.
[INFO ]2025-03-1810:49:46.537[main]org.testng.internal.Utils1)-[Utils] MethodGroupsHelper.collectMethodsByGroup() took 0 ms.
[INFO ]2025-03-1810:49:46.538[main]org.testng.internal.Utils1)-[Utils] MethodGroupsHelper.sortMethods() took 0 ms.
[INFO ]2025-03-1810:49:46.541[main]org.testng.internal.Utils1)-[Utils] MethodGroupsHelper.collectMethodsByGroup() took 0 ms.
[INFO ]2025-03-1810:49:46.552[main]org.testng.internal.Utils1)-[Utils] MethodGroupsHelper.sortMethods() took 11 ms.
[INFO ]2025-03-1810:49:46.553[main]org.testng.internal.Utils1)-[Utils] MethodGroupsHelper.collectMethodsByGroup() took 0 ms.
[INFO ]2025-03-1810:49:46.554[main]org.testng.internal.Utils1)-[Utils] MethodGroupsHelper.sortMethods() took 0 ms.
[INFO ]2025-03-1810:49:46.555[main]org.testng.internal.Utils1)-[Utils] MethodGroupsHelper.collectMethodsByGroup() took 0 ms.
[INFO ]2025-03-1810:49:46.555[main]org.testng.internal.Utils1)-[Utils] MethodGroupsHelper.sortMethods() took 0 ms.
[INFO ]2025-03-1810:49:46.555[main]org.testng.internal.Utils1)-[Utils] MethodGroupsHelper.collectMethodsByGroup() took 0 ms.
[INFO ]2025-03-1810:49:46.557[main]org.testng.internal.Utils1)-[Utils] MethodGroupsHelper.sortMethods() took 0 ms.
[INFO ]2025-03-1810:49:46.558[main]org.testng.internal.Utils1)-[Utils] MethodGroupsHelper.collectMethodsByGroup() took 0 ms.
[INFO ]2025-03-1810:49:46.559[main]org.testng.internal.Utils1)-[Utils] MethodGroupsHelper.sortMethods() took 0 ms.
[INFO ]2025-03-1810:49:46.559[main]org.testng.internal.Utils1)-[Utils] MethodGroupsHelper.collectMethodsByGroup() took 0 ms.
[INFO ]2025-03-1810:49:46.559[main]org.testng.internal.Utils1)-[Utils] MethodGroupsHelper.sortMethods() took 0 ms.
[INFO ]2025-03-1810:49:46.562[main]org.testng.internal.Utils1)-[Utils] MethodGroupsHelper.collectMethodsByGroup() took 0 ms.
[INFO ]2025-03-1810:49:46.564[main]org.testng.internal.Utils1)-[Utils] MethodGroupsHelper.sortMethods() took 0 ms.
[INFO ]2025-03-1810:49:46.564[main]org.testng.internal.Utils1)-[Utils] MethodGroupsHelper.collectMethodsByGroup() took 0 ms.
[INFO ]2025-03-1810:49:46.564[main]org.testng.internal.Utils1)-[Utils] MethodGroupsHelper.sortMethods() took 0 ms.
[INFO ]2025-03-1810:49:46.568[main]org.testng.internal.Utils1)-[Utils] MethodGroupsHelper.collectMethodsByGroup() took 3 ms.
[INFO ]2025-03-1810:49:46.569[main]org.testng.internal.Utils1)-[Utils] MethodGroupsHelper.sortMethods() took 0 ms.
[INFO ]2025-03-1810:49:46.570[main]org.testng.internal.Utils1)-[Utils] MethodGroupsHelper.collectMethodsByGroup() took 0 ms.
[INFO ]2025-03-1810:49:46.571[main]org.testng.internal.Utils1)-[Utils] MethodGroupsHelper.sortMethods() took 0 ms.
[INFO ]2025-03-1810:49:46.571[main]org.testng.internal.Utils1)-[Utils] MethodGroupsHelper.collectMethodsByGroup() took 0 ms.
[INFO ]2025-03-1810:49:46.571[main]org.testng.internal.Utils1)-[Utils] MethodGroupsHelper.sortMethods() took 0 ms.
[INFO ]2025-03-1810:49:46.579[main]org.testng.internal.Utils1)-[TestNG] Running:
  C:\Users\ashok\AppData\Local\Temp\testng-eclipse--378596385\testng-customsuite.xml

[INFO ]2025-03-1810:49:46.594[main]org.testng.internal.Utils1)-[Utils] DynamicGraphHelper.createDynamicGraph() took 3 ms.
[WARN ]2025-03-1810:49:46.725[main]org.testng.internal.Utils1)-The test method 'io.cucumber.testng.AbstractTestNGCucumberTests.runScenario' will be skipped since its data provider 'scenarios' returned an empty array or iterator. 
[INFO ]2025-03-1810:49:46.800[main]org.testng.internal.Utils1)-[TestNG] Time taken by org.testng.reporters.jq.Main@6bc248ed: 46 ms
[INFO ]2025-03-1810:49:46.801[main]org.testng.internal.Utils1)-[TestNG] Time taken by org.testng.reporters.FailedReporter@23a9ba52: 1 ms
[INFO ]2025-03-1810:49:46.811[main]org.testng.internal.Utils1)-[TestNG] Time taken by org.testng.reporters.XMLReporter@245a26e1: 10 ms
[INFO ]2025-03-1810:49:46.815[main]org.testng.internal.Utils1)-[TestNG] Time taken by org.testng.reporters.EmailableReporter2@5aceec94: 4 ms
[INFO ]2025-03-1810:49:46.816[main]org.testng.internal.Utils1)-[TestNG] Time taken by org.testng.reporters.JUnitReportReporter@1c32886a: 1 ms
[INFO ]2025-03-1810:49:46.816[main]org.testng.internal.Utils1)-[TestNG] Time taken by org.testng.internal.ExitCodeListener@3a4b0e5d: 0 ms
[INFO ]2025-03-1811:57:21.144[main]org.testng.internal.Utils1)-[Utils] MethodGroupsHelper.collectMethodsByGroup() took 1 ms.
[INFO ]2025-03-1811:57:21.150[main]org.testng.internal.Utils1)-[Utils] MethodGroupsHelper.sortMethods() took 1 ms.
[INFO ]2025-03-1811:57:21.153[main]org.testng.internal.Utils1)-[Utils] MethodGroupsHelper.collectMethodsByGroup() took 0 ms.
[INFO ]2025-03-1811:57:21.153[main]org.testng.internal.Utils1)-[Utils] MethodGroupsHelper.sortMethods() took 0 ms.
[INFO ]2025-03-1811:57:21.154[main]org.testng.internal.Utils1)-[Utils] MethodGroupsHelper.collectMethodsByGroup() took 0 ms.
[INFO ]2025-03-1811:57:21.154[main]org.testng.internal.Utils1)-[Utils] MethodGroupsHelper.sortMethods() took 0 ms.
[INFO ]2025-03-1811:57:21.155[main]org.testng.internal.Utils1)-[Utils] MethodGroupsHelper.collectMethodsByGroup() took 0 ms.
[INFO ]2025-03-1811:57:21.155[main]org.testng.internal.Utils1)-[Utils] MethodGroupsHelper.sortMethods() took 0 ms.
[INFO ]2025-03-1811:57:21.157[main]org.testng.internal.Utils1)-[Utils] MethodGroupsHelper.collectMethodsByGroup() took 0 ms.
[INFO ]2025-03-1811:57:21.168[main]org.testng.internal.Utils1)-[Utils] MethodGroupsHelper.sortMethods() took 9 ms.
[INFO ]2025-03-1811:57:21.169[main]org.testng.internal.Utils1)-[Utils] MethodGroupsHelper.collectMethodsByGroup() took 0 ms.
[INFO ]2025-03-1811:57:21.170[main]org.testng.internal.Utils1)-[Utils] MethodGroupsHelper.sortMethods() took 1 ms.
[INFO ]2025-03-1811:57:21.170[main]org.testng.internal.Utils1)-[Utils] MethodGroupsHelper.collectMethodsByGroup() took 0 ms.
[INFO ]2025-03-1811:57:21.171[main]org.testng.internal.Utils1)-[Utils] MethodGroupsHelper.sortMethods() took 0 ms.
[INFO ]2025-03-1811:57:21.171[main]org.testng.internal.Utils1)-[Utils] MethodGroupsHelper.collectMethodsByGroup() took 0 ms.
[INFO ]2025-03-1811:57:21.171[main]org.testng.internal.Utils1)-[Utils] MethodGroupsHelper.sortMethods() took 0 ms.
[INFO ]2025-03-1811:57:21.173[main]org.testng.internal.Utils1)-[Utils] MethodGroupsHelper.collectMethodsByGroup() took 0 ms.
[INFO ]2025-03-1811:57:21.173[main]org.testng.internal.Utils1)-[Utils] MethodGroupsHelper.sortMethods() took 0 ms.
[INFO ]2025-03-1811:57:21.174[main]org.testng.internal.Utils1)-[Utils] MethodGroupsHelper.collectMethodsByGroup() took 0 ms.
[INFO ]2025-03-1811:57:21.174[main]org.testng.internal.Utils1)-[Utils] MethodGroupsHelper.sortMethods() took 0 ms.
[INFO ]2025-03-1811:57:21.176[main]org.testng.internal.Utils1)-[Utils] MethodGroupsHelper.collectMethodsByGroup() took 0 ms.
[INFO ]2025-03-1811:57:21.176[main]org.testng.internal.Utils1)-[Utils] MethodGroupsHelper.sortMethods() took 0 ms.
[INFO ]2025-03-1811:57:21.176[main]org.testng.internal.Utils1)-[Utils] MethodGroupsHelper.collectMethodsByGroup() took 0 ms.
[INFO ]2025-03-1811:57:21.178[main]org.testng.internal.Utils1)-[Utils] MethodGroupsHelper.sortMethods() took 0 ms.
[INFO ]2025-03-1811:57:21.183[main]org.testng.internal.Utils1)-[Utils] MethodGroupsHelper.collectMethodsByGroup() took 4 ms.
[INFO ]2025-03-1811:57:21.183[main]org.testng.internal.Utils1)-[Utils] MethodGroupsHelper.sortMethods() took 0 ms.
[INFO ]2025-03-1811:57:21.185[main]org.testng.internal.Utils1)-[Utils] MethodGroupsHelper.collectMethodsByGroup() took 0 ms.
[INFO ]2025-03-1811:57:21.185[main]org.testng.internal.Utils1)-[Utils] MethodGroupsHelper.sortMethods() took 0 ms.
[INFO ]2025-03-1811:57:21.185[main]org.testng.internal.Utils1)-[Utils] MethodGroupsHelper.collectMethodsByGroup() took 0 ms.
[INFO ]2025-03-1811:57:21.186[main]org.testng.internal.Utils1)-[Utils] MethodGroupsHelper.sortMethods() took 0 ms.
[INFO ]2025-03-1811:57:21.193[main]org.testng.internal.Utils1)-[TestNG] Running:
  C:\Users\ashok\AppData\Local\Temp\testng-eclipse-254336337\testng-customsuite.xml

[INFO ]2025-03-1811:57:21.211[main]org.testng.internal.Utils1)-[Utils] DynamicGraphHelper.createDynamicGraph() took 4 ms.
[WARN ]2025-03-1811:57:21.345[main]org.testng.internal.Utils1)-The test method 'io.cucumber.testng.AbstractTestNGCucumberTests.runScenario' will be skipped since its data provider 'scenarios' returned an empty array or iterator. 
[INFO ]2025-03-1811:57:21.423[main]org.testng.internal.Utils1)-[TestNG] Time taken by org.testng.reporters.jq.Main@6f70f32f: 50 ms
[INFO ]2025-03-1811:57:21.424[main]org.testng.internal.Utils1)-[TestNG] Time taken by org.testng.reporters.FailedReporter@548e76f1: 1 ms
[INFO ]2025-03-1811:57:21.435[main]org.testng.internal.Utils1)-[TestNG] Time taken by org.testng.reporters.XMLReporter@73511076: 11 ms
[INFO ]2025-03-1811:57:21.441[main]org.testng.internal.Utils1)-[TestNG] Time taken by org.testng.reporters.EmailableReporter2@3af4e0bf: 6 ms
[INFO ]2025-03-1811:57:21.442[main]org.testng.internal.Utils1)-[TestNG] Time taken by org.testng.reporters.JUnitReportReporter@245a26e1: 1 ms
[INFO ]2025-03-1811:57:21.442[main]org.testng.internal.Utils1)-[TestNG] Time taken by org.testng.internal.ExitCodeListener@4d63b624: 0 ms
